This is pdfTeX, Version 3.14159265-2.6-1.40.19 (TeX Live 2018) (preloaded format=pdflatex 2018.10.11)  30 OCT 2018 13:34
entering extended mode
 restricted \write18 enabled.
 %&-line parsing enabled.
**main.tex
(./main.tex
LaTeX2e <2018-04-01> patch level 2
Babel <3.18> and hyphenation patterns for 84 language(s) loaded.
(/usr/local/texlive/2018/texmf-dist/tex/latex/base/book.cls
Document Class: book 2014/09/29 v1.4h Standard LaTeX document class
(/usr/local/texlive/2018/texmf-dist/tex/latex/base/bk12.clo
File: bk12.clo 2014/09/29 v1.4h Standard LaTeX file (size option)
)
\c@part=\count80
\c@chapter=\count81
\c@section=\count82
\c@subsection=\count83
\c@subsubsection=\count84
\c@paragraph=\count85
\c@subparagraph=\count86
\c@figure=\count87
\c@table=\count88
\abovecaptionskip=\skip41
\belowcaptionskip=\skip42
\bibindent=\dimen102
)
(/usr/local/texlive/2018/texmf-dist/tex/latex/pdfpages/pdfpages.sty
Package: pdfpages 2017/10/31 v0.5l Insert pages of external PDF documents (AM)

(/usr/local/texlive/2018/texmf-dist/tex/latex/base/ifthen.sty
Package: ifthen 2014/09/29 v1.1c Standard LaTeX ifthen package (DPC)
)
(/usr/local/texlive/2018/texmf-dist/tex/latex/tools/calc.sty
Package: calc 2017/05/25 v4.3 Infix arithmetic (KKT,FJ)
\calc@Acount=\count89
\calc@Bcount=\count90
\calc@Adimen=\dimen103
\calc@Bdimen=\dimen104
\calc@Askip=\skip43
\calc@Bskip=\skip44
LaTeX Info: Redefining \setlength on input line 80.
LaTeX Info: Redefining \addtolength on input line 81.
\calc@Ccount=\count91
\calc@Cskip=\skip45
)
(/usr/local/texlive/2018/texmf-dist/tex/latex/eso-pic/eso-pic.sty
Package: eso-pic 2015/07/21 v2.0g eso-pic (RN)

(/usr/local/texlive/2018/texmf-dist/tex/generic/oberdiek/atbegshi.sty
Package: atbegshi 2016/06/09 v1.18 At begin shipout hook (HO)

(/usr/local/texlive/2018/texmf-dist/tex/generic/oberdiek/infwarerr.sty
Package: infwarerr 2016/05/16 v1.4 Providing info/warning/error messages (HO)
)
(/usr/local/texlive/2018/texmf-dist/tex/generic/oberdiek/ltxcmds.sty
Package: ltxcmds 2016/05/16 v1.23 LaTeX kernel commands for general use (HO)
)
(/usr/local/texlive/2018/texmf-dist/tex/generic/oberdiek/ifpdf.sty
Package: ifpdf 2017/03/15 v3.2 Provides the ifpdf switch
))
(/usr/local/texlive/2018/texmf-dist/tex/latex/graphics/keyval.sty
Package: keyval 2014/10/28 v1.15 key=value parser (DPC)
\KV@toks@=\toks14
)
(/usr/local/texlive/2018/texmf-dist/tex/latex/xcolor/xcolor.sty
Package: xcolor 2016/05/11 v2.12 LaTeX color extensions (UK)

(/usr/local/texlive/2018/texmf-dist/tex/latex/graphics-cfg/color.cfg
File: color.cfg 2016/01/02 v1.6 sample color configuration
)
Package xcolor Info: Driver file: pdftex.def on input line 225.

(/usr/local/texlive/2018/texmf-dist/tex/latex/graphics-def/pdftex.def
File: pdftex.def 2018/01/08 v1.0l Graphics/color driver for pdftex
)
Package xcolor Info: Model `cmy' substituted by `cmy0' on input line 1348.
Package xcolor Info: Model `hsb' substituted by `rgb' on input line 1352.
Package xcolor Info: Model `RGB' extended on input line 1364.
Package xcolor Info: Model `HTML' substituted by `rgb' on input line 1366.
Package xcolor Info: Model `Hsb' substituted by `hsb' on input line 1367.
Package xcolor Info: Model `tHsb' substituted by `hsb' on input line 1368.
Package xcolor Info: Model `HSB' substituted by `hsb' on input line 1369.
Package xcolor Info: Model `Gray' substituted by `gray' on input line 1370.
Package xcolor Info: Model `wave' substituted by `hsb' on input line 1371.
))
(/usr/local/texlive/2018/texmf-dist/tex/latex/graphics/graphicx.sty
Package: graphicx 2017/06/01 v1.1a Enhanced LaTeX Graphics (DPC,SPQR)

(/usr/local/texlive/2018/texmf-dist/tex/latex/graphics/graphics.sty
Package: graphics 2017/06/25 v1.2c Standard LaTeX Graphics (DPC,SPQR)

(/usr/local/texlive/2018/texmf-dist/tex/latex/graphics/trig.sty
Package: trig 2016/01/03 v1.10 sin cos tan (DPC)
)
(/usr/local/texlive/2018/texmf-dist/tex/latex/graphics-cfg/graphics.cfg
File: graphics.cfg 2016/06/04 v1.11 sample graphics configuration
)
Package graphics Info: Driver file: pdftex.def on input line 99.
)
\Gin@req@height=\dimen105
\Gin@req@width=\dimen106
)
\AM@pagewidth=\dimen107
\AM@pageheight=\dimen108

(/usr/local/texlive/2018/texmf-dist/tex/latex/pdfpages/pppdftex.def
File: pppdftex.def 2017/10/31 v0.5l Pdfpages driver for pdfTeX (AM)
)
\AM@pagebox=\box26
\AM@global@opts=\toks15
\AM@toc@title=\toks16
\c@AM@survey=\count92
\AM@templatesizebox=\box27
)
(/usr/local/texlive/2018/texmf-dist/tex/latex/psnfss/times.sty
Package: times 2005/04/12 PSNFSS-v9.2a (SPQR) 
)
(/usr/local/texlive/2018/texmf-dist/tex/latex/amsmath/amsmath.sty
Package: amsmath 2017/09/02 v2.17a AMS math features
\@mathmargin=\skip46

For additional information on amsmath, use the `?' option.
(/usr/local/texlive/2018/texmf-dist/tex/latex/amsmath/amstext.sty
Package: amstext 2000/06/29 v2.01 AMS text

(/usr/local/texlive/2018/texmf-dist/tex/latex/amsmath/amsgen.sty
File: amsgen.sty 1999/11/30 v2.0 generic functions
\@emptytoks=\toks17
\ex@=\dimen109
))
(/usr/local/texlive/2018/texmf-dist/tex/latex/amsmath/amsbsy.sty
Package: amsbsy 1999/11/29 v1.2d Bold Symbols
\pmbraise@=\dimen110
)
(/usr/local/texlive/2018/texmf-dist/tex/latex/amsmath/amsopn.sty
Package: amsopn 2016/03/08 v2.02 operator names
)
\inf@bad=\count93
LaTeX Info: Redefining \frac on input line 213.
\uproot@=\count94
\leftroot@=\count95
LaTeX Info: Redefining \overline on input line 375.
\classnum@=\count96
\DOTSCASE@=\count97
LaTeX Info: Redefining \ldots on input line 472.
LaTeX Info: Redefining \dots on input line 475.
LaTeX Info: Redefining \cdots on input line 596.
\Mathstrutbox@=\box28
\strutbox@=\box29
\big@size=\dimen111
LaTeX Font Info:    Redeclaring font encoding OML on input line 712.
LaTeX Font Info:    Redeclaring font encoding OMS on input line 713.
\macc@depth=\count98
\c@MaxMatrixCols=\count99
\dotsspace@=\muskip10
\c@parentequation=\count100
\dspbrk@lvl=\count101
\tag@help=\toks18
\row@=\count102
\column@=\count103
\maxfields@=\count104
\andhelp@=\toks19
\eqnshift@=\dimen112
\alignsep@=\dimen113
\tagshift@=\dimen114
\tagwidth@=\dimen115
\totwidth@=\dimen116
\lineht@=\dimen117
\@envbody=\toks20
\multlinegap=\skip47
\multlinetaggap=\skip48
\mathdisplay@stack=\toks21
LaTeX Info: Redefining \[ on input line 2817.
LaTeX Info: Redefining \] on input line 2818.
)
(/usr/local/texlive/2018/texmf-dist/tex/latex/amsfonts/amsfonts.sty
Package: amsfonts 2013/01/14 v3.01 Basic AMSFonts support
\symAMSa=\mathgroup4
\symAMSb=\mathgroup5
LaTeX Font Info:    Overwriting math alphabet `\mathfrak' in version `bold'
(Font)                  U/euf/m/n --> U/euf/b/n on input line 106.
)
(/usr/local/texlive/2018/texmf-dist/tex/latex/amsfonts/amssymb.sty
Package: amssymb 2013/01/14 v3.01 AMS font symbols
)
(/usr/local/texlive/2018/texmf-dist/tex/generic/babel/babel.sty
Package: babel 2018/02/14 3.18 The Babel package

(/usr/local/texlive/2018/texmf-dist/tex/generic/babel/switch.def
File: switch.def 2018/02/14 3.18 Babel switching mechanism
)
(/usr/local/texlive/2018/texmf-dist/tex/generic/babel-german/ngerman.ldf
Language: ngerman 2018/03/29 v2.10 German support for babel (post-1996 orthogra
phy)

(/usr/local/texlive/2018/texmf-dist/tex/generic/babel-german/ngermanb.ldf
Language: ngermanb 2018/03/29 v2.10 German support for babel (post-1996 orthogr
aphy)

(/usr/local/texlive/2018/texmf-dist/tex/generic/babel/babel.def
File: babel.def 2018/02/14 3.18 Babel common definitions
\babel@savecnt=\count105
\U@D=\dimen118

(/usr/local/texlive/2018/texmf-dist/tex/generic/babel/txtbabel.def)
\bbl@dirlevel=\count106
)
Package babel Info: Making " an active character on input line 121.
)))
(/usr/local/texlive/2018/texmf-dist/tex/latex/a4wide/a4wide.sty
Package: a4wide 1994/08/30

(/usr/local/texlive/2018/texmf-dist/tex/latex/ntgclass/a4.sty
Package: a4 2004/04/15 v1.2g A4 based page layout
))
(/usr/local/texlive/2018/texmf-dist/tex/latex/fancyhdr/fancyhdr.sty
Package: fancyhdr 2017/06/30 v3.9a Extensive control of page headers and footer
s
\f@nch@headwidth=\skip49
\f@nch@O@elh=\skip50
\f@nch@O@erh=\skip51
\f@nch@O@olh=\skip52
\f@nch@O@orh=\skip53
\f@nch@O@elf=\skip54
\f@nch@O@erf=\skip55
\f@nch@O@olf=\skip56
\f@nch@O@orf=\skip57
)
(/usr/local/texlive/2018/texmf-dist/tex/latex/float/float.sty
Package: float 2001/11/08 v1.3d Float enhancements (AL)
\c@float@type=\count107
\float@exts=\toks22
\float@box=\box30
\@float@everytoks=\toks23
\@floatcapt=\box31
)
(/usr/local/texlive/2018/texmf-dist/tex/latex/subfigure/subfigure.sty
Package: subfigure 2002/03/15 v2.1.5 subfigure package
\subfigtopskip=\skip58
\subfigcapskip=\skip59
\subfigcaptopadj=\dimen119
\subfigbottomskip=\skip60
\subfigcapmargin=\dimen120
\subfiglabelskip=\skip61
\c@subfigure=\count108
\c@lofdepth=\count109
\c@subtable=\count110
\c@lotdepth=\count111

****************************************
* Local config file subfigure.cfg used *
****************************************
(/usr/local/texlive/2018/texmf-dist/tex/latex/subfigure/subfigure.cfg)
\subfig@top=\skip62
\subfig@bottom=\skip63
)
(/usr/local/texlive/2018/texmf-dist/tex/latex/caption/caption.sty
Package: caption 2016/02/21 v3.3-144 Customizing captions (AR)

(/usr/local/texlive/2018/texmf-dist/tex/latex/caption/caption3.sty
Package: caption3 2016/05/22 v1.7-166 caption3 kernel (AR)
Package caption3 Info: TeX engine: e-TeX on input line 67.
\captionmargin=\dimen121
\captionmargin@=\dimen122
\captionwidth=\dimen123
\caption@tempdima=\dimen124
\caption@indent=\dimen125
\caption@parindent=\dimen126
\caption@hangindent=\dimen127
)
\c@ContinuedFloat=\count112
Package caption Info: float package is loaded.
Package caption Info: subfigure package is loaded.
)
(/usr/local/texlive/2018/texmf-dist/tex/latex/supertabular/supertabular.sty
Package: supertabular 2004/02/20 v4.1e the supertabular environment
\c@tracingst=\count113
\ST@wd=\dimen128
\ST@rightskip=\skip64
\ST@leftskip=\skip65
\ST@parfillskip=\skip66
\ST@pageleft=\dimen129
\ST@headht=\dimen130
\ST@tailht=\dimen131
\ST@pagesofar=\dimen132
\ST@pboxht=\dimen133
\ST@lineht=\dimen134
\ST@stretchht=\dimen135
\ST@prevht=\dimen136
\ST@toadd=\dimen137
\ST@dimen=\dimen138
\ST@pbox=\box32
)
(/usr/local/texlive/2018/texmf-dist/tex/latex/graphics/lscape.sty
Package: lscape 2000/10/22 v3.01 Landscape Pages (DPC)
)
(/usr/local/texlive/2018/texmf-dist/tex/latex/listings/listings.sty
\lst@mode=\count114
\lst@gtempboxa=\box33
\lst@token=\toks24
\lst@length=\count115
\lst@currlwidth=\dimen139
\lst@column=\count116
\lst@pos=\count117
\lst@lostspace=\dimen140
\lst@width=\dimen141
\lst@newlines=\count118
\lst@lineno=\count119
\lst@maxwidth=\dimen142

(/usr/local/texlive/2018/texmf-dist/tex/latex/listings/lstmisc.sty
File: lstmisc.sty 2015/06/04 1.6 (Carsten Heinz)
\c@lstnumber=\count120
\lst@skipnumbers=\count121
\lst@framebox=\box34
)
(/usr/local/texlive/2018/texmf-dist/tex/latex/listings/listings.cfg
File: listings.cfg 2015/06/04 1.6 listings configuration
))
Package: listings 2015/06/04 1.6 (Carsten Heinz)

(/usr/local/texlive/2018/texmf-dist/tex/latex/base/textcomp.sty
Package: textcomp 2017/04/05 v2.0i Standard LaTeX package
Package textcomp Info: Sub-encoding information:
(textcomp)               5 = only ISO-Adobe without \textcurrency
(textcomp)               4 = 5 + \texteuro
(textcomp)               3 = 4 + \textohm
(textcomp)               2 = 3 + \textestimated + \textcurrency
(textcomp)               1 = TS1 - \textcircled - \t
(textcomp)               0 = TS1 (full)
(textcomp)             Font families with sub-encoding setting implement
(textcomp)             only a restricted character set as indicated.
(textcomp)             Family '?' is the default used for unknown fonts.
(textcomp)             See the documentation for details.
Package textcomp Info: Setting ? sub-encoding to TS1/1 on input line 79.

(/usr/local/texlive/2018/texmf-dist/tex/latex/base/ts1enc.def
File: ts1enc.def 2001/06/05 v3.0e (jk/car/fm) Standard LaTeX file
Now handling font encoding TS1 ...
... processing UTF-8 mapping file for font encoding TS1

(/usr/local/texlive/2018/texmf-dist/tex/latex/base/ts1enc.dfu
File: ts1enc.dfu 2018/04/05 v1.2c UTF-8 support for inputenc
   defining Unicode char U+00A2 (decimal 162)
   defining Unicode char U+00A3 (decimal 163)
   defining Unicode char U+00A4 (decimal 164)
   defining Unicode char U+00A5 (decimal 165)
   defining Unicode char U+00A6 (decimal 166)
   defining Unicode char U+00A7 (decimal 167)
   defining Unicode char U+00A8 (decimal 168)
   defining Unicode char U+00A9 (decimal 169)
   defining Unicode char U+00AA (decimal 170)
   defining Unicode char U+00AC (decimal 172)
   defining Unicode char U+00AE (decimal 174)
   defining Unicode char U+00AF (decimal 175)
   defining Unicode char U+00B0 (decimal 176)
   defining Unicode char U+00B1 (decimal 177)
   defining Unicode char U+00B2 (decimal 178)
   defining Unicode char U+00B3 (decimal 179)
   defining Unicode char U+00B4 (decimal 180)
   defining Unicode char U+00B5 (decimal 181)
   defining Unicode char U+00B6 (decimal 182)
   defining Unicode char U+00B7 (decimal 183)
   defining Unicode char U+00B9 (decimal 185)
   defining Unicode char U+00BA (decimal 186)
   defining Unicode char U+00BC (decimal 188)
   defining Unicode char U+00BD (decimal 189)
   defining Unicode char U+00BE (decimal 190)
   defining Unicode char U+00D7 (decimal 215)
   defining Unicode char U+00F7 (decimal 247)
   defining Unicode char U+0192 (decimal 402)
   defining Unicode char U+02C7 (decimal 711)
   defining Unicode char U+02D8 (decimal 728)
   defining Unicode char U+02DD (decimal 733)
   defining Unicode char U+0E3F (decimal 3647)
   defining Unicode char U+2016 (decimal 8214)
   defining Unicode char U+2020 (decimal 8224)
   defining Unicode char U+2021 (decimal 8225)
   defining Unicode char U+2022 (decimal 8226)
   defining Unicode char U+2030 (decimal 8240)
   defining Unicode char U+2031 (decimal 8241)
   defining Unicode char U+203B (decimal 8251)
   defining Unicode char U+203D (decimal 8253)
   defining Unicode char U+2044 (decimal 8260)
   defining Unicode char U+204E (decimal 8270)
   defining Unicode char U+2052 (decimal 8274)
   defining Unicode char U+20A1 (decimal 8353)
   defining Unicode char U+20A4 (decimal 8356)
   defining Unicode char U+20A6 (decimal 8358)
   defining Unicode char U+20A9 (decimal 8361)
   defining Unicode char U+20AB (decimal 8363)
   defining Unicode char U+20AC (decimal 8364)
   defining Unicode char U+20B1 (decimal 8369)
   defining Unicode char U+2103 (decimal 8451)
   defining Unicode char U+2116 (decimal 8470)
   defining Unicode char U+2117 (decimal 8471)
   defining Unicode char U+211E (decimal 8478)
   defining Unicode char U+2120 (decimal 8480)
   defining Unicode char U+2122 (decimal 8482)
   defining Unicode char U+2126 (decimal 8486)
   defining Unicode char U+2127 (decimal 8487)
   defining Unicode char U+212E (decimal 8494)
   defining Unicode char U+2190 (decimal 8592)
   defining Unicode char U+2191 (decimal 8593)
   defining Unicode char U+2192 (decimal 8594)
   defining Unicode char U+2193 (decimal 8595)
   defining Unicode char U+2329 (decimal 9001)
   defining Unicode char U+232A (decimal 9002)
   defining Unicode char U+2422 (decimal 9250)
   defining Unicode char U+25E6 (decimal 9702)
   defining Unicode char U+25EF (decimal 9711)
   defining Unicode char U+266A (decimal 9834)
   defining Unicode char U+FEFF (decimal 65279)
))
LaTeX Info: Redefining \oldstylenums on input line 334.
Package textcomp Info: Setting cmr sub-encoding to TS1/0 on input line 349.
Package textcomp Info: Setting cmss sub-encoding to TS1/0 on input line 350.
Package textcomp Info: Setting cmtt sub-encoding to TS1/0 on input line 351.
Package textcomp Info: Setting cmvtt sub-encoding to TS1/0 on input line 352.
Package textcomp Info: Setting cmbr sub-encoding to TS1/0 on input line 353.
Package textcomp Info: Setting cmtl sub-encoding to TS1/0 on input line 354.
Package textcomp Info: Setting ccr sub-encoding to TS1/0 on input line 355.
Package textcomp Info: Setting ptm sub-encoding to TS1/4 on input line 356.
Package textcomp Info: Setting pcr sub-encoding to TS1/4 on input line 357.
Package textcomp Info: Setting phv sub-encoding to TS1/4 on input line 358.
Package textcomp Info: Setting ppl sub-encoding to TS1/3 on input line 359.
Package textcomp Info: Setting pag sub-encoding to TS1/4 on input line 360.
Package textcomp Info: Setting pbk sub-encoding to TS1/4 on input line 361.
Package textcomp Info: Setting pnc sub-encoding to TS1/4 on input line 362.
Package textcomp Info: Setting pzc sub-encoding to TS1/4 on input line 363.
Package textcomp Info: Setting bch sub-encoding to TS1/4 on input line 364.
Package textcomp Info: Setting put sub-encoding to TS1/5 on input line 365.
Package textcomp Info: Setting uag sub-encoding to TS1/5 on input line 366.
Package textcomp Info: Setting ugq sub-encoding to TS1/5 on input line 367.
Package textcomp Info: Setting ul8 sub-encoding to TS1/4 on input line 368.
Package textcomp Info: Setting ul9 sub-encoding to TS1/4 on input line 369.
Package textcomp Info: Setting augie sub-encoding to TS1/5 on input line 370.
Package textcomp Info: Setting dayrom sub-encoding to TS1/3 on input line 371.
Package textcomp Info: Setting dayroms sub-encoding to TS1/3 on input line 372.

Package textcomp Info: Setting pxr sub-encoding to TS1/0 on input line 373.
Package textcomp Info: Setting pxss sub-encoding to TS1/0 on input line 374.
Package textcomp Info: Setting pxtt sub-encoding to TS1/0 on input line 375.
Package textcomp Info: Setting txr sub-encoding to TS1/0 on input line 376.
Package textcomp Info: Setting txss sub-encoding to TS1/0 on input line 377.
Package textcomp Info: Setting txtt sub-encoding to TS1/0 on input line 378.
Package textcomp Info: Setting lmr sub-encoding to TS1/0 on input line 379.
Package textcomp Info: Setting lmdh sub-encoding to TS1/0 on input line 380.
Package textcomp Info: Setting lmss sub-encoding to TS1/0 on input line 381.
Package textcomp Info: Setting lmssq sub-encoding to TS1/0 on input line 382.
Package textcomp Info: Setting lmvtt sub-encoding to TS1/0 on input line 383.
Package textcomp Info: Setting lmtt sub-encoding to TS1/0 on input line 384.
Package textcomp Info: Setting qhv sub-encoding to TS1/0 on input line 385.
Package textcomp Info: Setting qag sub-encoding to TS1/0 on input line 386.
Package textcomp Info: Setting qbk sub-encoding to TS1/0 on input line 387.
Package textcomp Info: Setting qcr sub-encoding to TS1/0 on input line 388.
Package textcomp Info: Setting qcs sub-encoding to TS1/0 on input line 389.
Package textcomp Info: Setting qpl sub-encoding to TS1/0 on input line 390.
Package textcomp Info: Setting qtm sub-encoding to TS1/0 on input line 391.
Package textcomp Info: Setting qzc sub-encoding to TS1/0 on input line 392.
Package textcomp Info: Setting qhvc sub-encoding to TS1/0 on input line 393.
Package textcomp Info: Setting futs sub-encoding to TS1/4 on input line 394.
Package textcomp Info: Setting futx sub-encoding to TS1/4 on input line 395.
Package textcomp Info: Setting futj sub-encoding to TS1/4 on input line 396.
Package textcomp Info: Setting hlh sub-encoding to TS1/3 on input line 397.
Package textcomp Info: Setting hls sub-encoding to TS1/3 on input line 398.
Package textcomp Info: Setting hlst sub-encoding to TS1/3 on input line 399.
Package textcomp Info: Setting hlct sub-encoding to TS1/5 on input line 400.
Package textcomp Info: Setting hlx sub-encoding to TS1/5 on input line 401.
Package textcomp Info: Setting hlce sub-encoding to TS1/5 on input line 402.
Package textcomp Info: Setting hlcn sub-encoding to TS1/5 on input line 403.
Package textcomp Info: Setting hlcw sub-encoding to TS1/5 on input line 404.
Package textcomp Info: Setting hlcf sub-encoding to TS1/5 on input line 405.
Package textcomp Info: Setting pplx sub-encoding to TS1/3 on input line 406.
Package textcomp Info: Setting pplj sub-encoding to TS1/3 on input line 407.
Package textcomp Info: Setting ptmx sub-encoding to TS1/4 on input line 408.
Package textcomp Info: Setting ptmj sub-encoding to TS1/4 on input line 409.
)
(/usr/local/texlive/2018/texmf-dist/tex/latex/base/inputenc.sty
Package: inputenc 2018/04/06 v1.3b Input encoding file
\inpenc@prehook=\toks25
\inpenc@posthook=\toks26
)
(/usr/local/texlive/2018/texmf-dist/tex/latex/graphics/rotating.sty
Package: rotating 2016/08/11 v2.16d rotated objects in LaTeX
\c@r@tfl@t=\count122
\rotFPtop=\skip67
\rotFPbot=\skip68
\rot@float@box=\box35
\rot@mess@toks=\toks27
)
(/usr/local/texlive/2018/texmf-dist/tex/latex/tools/tabularx.sty
Package: tabularx 2016/02/03 v2.11b `tabularx' package (DPC)

(/usr/local/texlive/2018/texmf-dist/tex/latex/tools/array.sty
Package: array 2018/04/07 v2.4g Tabular extension package (FMi)
\col@sep=\dimen143
\ar@mcellbox=\box36
\extrarowheight=\dimen144
\NC@list=\toks28
\extratabsurround=\skip69
\backup@length=\skip70
\ar@cellbox=\box37
)
\TX@col@width=\dimen145
\TX@old@table=\dimen146
\TX@old@col=\dimen147
\TX@target=\dimen148
\TX@delta=\dimen149
\TX@cols=\count123
\TX@ftn=\toks29
)
(/usr/local/texlive/2018/texmf-dist/tex/latex/hyperref/hyperref.sty
Package: hyperref 2018/02/06 v6.86b Hypertext links for LaTeX

(/usr/local/texlive/2018/texmf-dist/tex/generic/oberdiek/hobsub-hyperref.sty
Package: hobsub-hyperref 2016/05/16 v1.14 Bundle oberdiek, subset hyperref (HO)


(/usr/local/texlive/2018/texmf-dist/tex/generic/oberdiek/hobsub-generic.sty
Package: hobsub-generic 2016/05/16 v1.14 Bundle oberdiek, subset generic (HO)
Package: hobsub 2016/05/16 v1.14 Construct package bundles (HO)
Package hobsub Info: Skipping package `infwarerr' (already loaded).
Package hobsub Info: Skipping package `ltxcmds' (already loaded).
Package: ifluatex 2016/05/16 v1.4 Provides the ifluatex switch (HO)
Package ifluatex Info: LuaTeX not detected.
Package: ifvtex 2016/05/16 v1.6 Detect VTeX and its facilities (HO)
Package ifvtex Info: VTeX not detected.
Package: intcalc 2016/05/16 v1.2 Expandable calculations with integers (HO)
Package hobsub Info: Skipping package `ifpdf' (already loaded).
Package: etexcmds 2016/05/16 v1.6 Avoid name clashes with e-TeX commands (HO)
Package etexcmds Info: Could not find \expanded.
(etexcmds)             That can mean that you are not using pdfTeX 1.50 or
(etexcmds)             that some package has redefined \expanded.
(etexcmds)             In the latter case, load this package earlier.
Package: kvsetkeys 2016/05/16 v1.17 Key value parser (HO)
Package: kvdefinekeys 2016/05/16 v1.4 Define keys (HO)
Package: pdftexcmds 2018/01/30 v0.27 Utility functions of pdfTeX for LuaTeX (HO
)
Package pdftexcmds Info: LuaTeX not detected.
Package pdftexcmds Info: \pdf@primitive is available.
Package pdftexcmds Info: \pdf@ifprimitive is available.
Package pdftexcmds Info: \pdfdraftmode found.
Package: pdfescape 2016/05/16 v1.14 Implements pdfTeX's escape features (HO)
Package: bigintcalc 2016/05/16 v1.4 Expandable calculations on big integers (HO
)
Package: bitset 2016/05/16 v1.2 Handle bit-vector datatype (HO)
Package: uniquecounter 2016/05/16 v1.3 Provide unlimited unique counter (HO)
)
Package hobsub Info: Skipping package `hobsub' (already loaded).
Package: letltxmacro 2016/05/16 v1.5 Let assignment for LaTeX macros (HO)
Package: hopatch 2016/05/16 v1.3 Wrapper for package hooks (HO)
Package: xcolor-patch 2016/05/16 xcolor patch
Package: atveryend 2016/05/16 v1.9 Hooks at the very end of document (HO)
Package atveryend Info: \enddocument detected (standard20110627).
Package hobsub Info: Skipping package `atbegshi' (already loaded).
Package: refcount 2016/05/16 v3.5 Data extraction from label references (HO)
Package: hycolor 2016/05/16 v1.8 Color options for hyperref/bookmark (HO)
)
(/usr/local/texlive/2018/texmf-dist/tex/generic/ifxetex/ifxetex.sty
Package: ifxetex 2010/09/12 v0.6 Provides ifxetex conditional
)
(/usr/local/texlive/2018/texmf-dist/tex/latex/oberdiek/auxhook.sty
Package: auxhook 2016/05/16 v1.4 Hooks for auxiliary files (HO)
)
(/usr/local/texlive/2018/texmf-dist/tex/latex/oberdiek/kvoptions.sty
Package: kvoptions 2016/05/16 v3.12 Key value format for package options (HO)
)
\@linkdim=\dimen150
\Hy@linkcounter=\count124
\Hy@pagecounter=\count125

(/usr/local/texlive/2018/texmf-dist/tex/latex/hyperref/pd1enc.def
File: pd1enc.def 2018/02/06 v6.86b Hyperref: PDFDocEncoding definition (HO)
Now handling font encoding PD1 ...
... no UTF-8 mapping file for font encoding PD1
)
\Hy@SavedSpaceFactor=\count126

(/usr/local/texlive/2018/texmf-dist/tex/latex/latexconfig/hyperref.cfg
File: hyperref.cfg 2002/06/06 v1.2 hyperref configuration of TeXLive
)
Package hyperref Info: Hyper figures OFF on input line 4509.
Package hyperref Info: Link nesting OFF on input line 4514.
Package hyperref Info: Hyper index ON on input line 4517.
Package hyperref Info: Plain pages OFF on input line 4524.
Package hyperref Info: Backreferencing OFF on input line 4529.
Package hyperref Info: Implicit mode ON; LaTeX internals redefined.
Package hyperref Info: Bookmarks ON on input line 4762.
\c@Hy@tempcnt=\count127

(/usr/local/texlive/2018/texmf-dist/tex/latex/url/url.sty
\Urlmuskip=\muskip11
Package: url 2013/09/16  ver 3.4  Verb mode for urls, etc.
)
LaTeX Info: Redefining \url on input line 5115.
\XeTeXLinkMargin=\dimen151
\Fld@menulength=\count128
\Field@Width=\dimen152
\Fld@charsize=\dimen153
Package hyperref Info: Hyper figures OFF on input line 6369.
Package hyperref Info: Link nesting OFF on input line 6374.
Package hyperref Info: Hyper index ON on input line 6377.
Package hyperref Info: backreferencing OFF on input line 6384.
Package hyperref Info: Link coloring OFF on input line 6389.
Package hyperref Info: Link coloring with OCG OFF on input line 6394.
Package hyperref Info: PDF/A mode OFF on input line 6399.
LaTeX Info: Redefining \ref on input line 6439.
LaTeX Info: Redefining \pageref on input line 6443.
\Hy@abspage=\count129
\c@Item=\count130
\c@Hfootnote=\count131
)
Package hyperref Info: Driver (autodetected): hpdftex.

(/usr/local/texlive/2018/texmf-dist/tex/latex/hyperref/hpdftex.def
File: hpdftex.def 2018/02/06 v6.86b Hyperref driver for pdfTeX
\Fld@listcount=\count132
\c@bookmark@seq@number=\count133

(/usr/local/texlive/2018/texmf-dist/tex/latex/oberdiek/rerunfilecheck.sty
Package: rerunfilecheck 2016/05/16 v1.8 Rerun checks for auxiliary files (HO)
Package uniquecounter Info: New unique counter `rerunfilecheck' on input line 2
82.
)
\Hy@SectionHShift=\skip71
)
(/usr/local/texlive/2018/texmf-dist/tex/latex/multirow/multirow.sty
Package: multirow 2016/11/25 v2.2 Span multiple rows of a table
\multirow@colwidth=\skip72
\multirow@cntb=\count134
\multirow@dima=\skip73
\bigstrutjot=\dimen154
)
(/usr/local/texlive/2018/texmf-dist/tex/latex/cite/cite.sty
LaTeX Info: Redefining \cite on input line 302.
LaTeX Info: Redefining \nocite on input line 332.
Package: cite 2015/02/27  v 5.5
) (./main.aux)
\openout1 = `main.aux'.

LaTeX Font Info:    Checking defaults for OML/cmm/m/it on input line 71.
LaTeX Font Info:    ... okay on input line 71.
LaTeX Font Info:    Checking defaults for T1/cmr/m/n on input line 71.
LaTeX Font Info:    ... okay on input line 71.
LaTeX Font Info:    Checking defaults for OT1/cmr/m/n on input line 71.
LaTeX Font Info:    ... okay on input line 71.
LaTeX Font Info:    Checking defaults for OMS/cmsy/m/n on input line 71.
LaTeX Font Info:    ... okay on input line 71.
LaTeX Font Info:    Checking defaults for OMX/cmex/m/n on input line 71.
LaTeX Font Info:    ... okay on input line 71.
LaTeX Font Info:    Checking defaults for U/cmr/m/n on input line 71.
LaTeX Font Info:    ... okay on input line 71.
LaTeX Font Info:    Checking defaults for TS1/cmr/m/n on input line 71.
LaTeX Font Info:    Try loading font information for TS1+cmr on input line 71.

(/usr/local/texlive/2018/texmf-dist/tex/latex/base/ts1cmr.fd
File: ts1cmr.fd 2014/09/29 v2.5h Standard LaTeX font definitions
)
LaTeX Font Info:    ... okay on input line 71.
LaTeX Font Info:    Checking defaults for PD1/pdf/m/n on input line 71.
LaTeX Font Info:    ... okay on input line 71.
LaTeX Font Info:    Try loading font information for OT1+ptm on input line 71.

(/usr/local/texlive/2018/texmf-dist/tex/latex/psnfss/ot1ptm.fd
File: ot1ptm.fd 2001/06/04 font definitions for OT1/ptm.
)
\AtBeginShipoutBox=\box38

(/usr/local/texlive/2018/texmf-dist/tex/context/base/mkii/supp-pdf.mkii
[Loading MPS to PDF converter (version 2006.09.02).]
\scratchcounter=\count135
\scratchdimen=\dimen155
\scratchbox=\box39
\nofMPsegments=\count136
\nofMParguments=\count137
\everyMPshowfont=\toks30
\MPscratchCnt=\count138
\MPscratchDim=\dimen156
\MPnumerator=\count139
\makeMPintoPDFobject=\count140
\everyMPtoPDFconversion=\toks31
) (/usr/local/texlive/2018/texmf-dist/tex/latex/oberdiek/epstopdf-base.sty
Package: epstopdf-base 2016/05/15 v2.6 Base part for package epstopdf

(/usr/local/texlive/2018/texmf-dist/tex/latex/oberdiek/grfext.sty
Package: grfext 2016/05/16 v1.2 Manage graphics extensions (HO)
)
Package epstopdf-base Info: Redefining graphics rule for `.eps' on input line 4
38.
Package grfext Info: Graphics extension search list:
(grfext)             [.pdf,.png,.jpg,.mps,.jpeg,.jbig2,.jb2,.PDF,.PNG,.JPG,.JPE
G,.JBIG2,.JB2,.eps]
(grfext)             \AppendGraphicsExtensions on input line 456.

(/usr/local/texlive/2018/texmf-dist/tex/latex/latexconfig/epstopdf-sys.cfg
File: epstopdf-sys.cfg 2010/07/13 v1.3 Configuration of (r)epstopdf for TeX Liv
e
))
(/usr/local/texlive/2018/texmf-dist/tex/latex/oberdiek/pdflscape.sty
Package: pdflscape 2016/05/14 v0.11 Display of landscape pages in PDF (HO)
Package pdflscape Info: Auto-detected driver: pdftex on input line 81.
)
Package caption Info: Begin \AtBeginDocument code.
Package caption Info: hyperref package is loaded.
Package caption Info: listings package is loaded.
Package caption Info: rotating package is loaded.
Package caption Info: supertabular package is loaded.
Package caption Info: End \AtBeginDocument code.
\c@lstlisting=\count141
Package hyperref Info: Link coloring OFF on input line 71.

(/usr/local/texlive/2018/texmf-dist/tex/latex/hyperref/nameref.sty
Package: nameref 2016/05/21 v2.44 Cross-referencing by name of section

(/usr/local/texlive/2018/texmf-dist/tex/generic/oberdiek/gettitlestring.sty
Package: gettitlestring 2016/05/16 v1.5 Cleanup title references (HO)
)
\c@section@level=\count142
)
LaTeX Info: Redefining \ref on input line 71.
LaTeX Info: Redefining \pageref on input line 71.
LaTeX Info: Redefining \nameref on input line 71.

(./main.out) (./main.out)
\@outlinefile=\write3
\openout3 = `main.out'.

 (./t.tex
<bilder/KITlogo_4c_deutsch_RGB.jpg, id=268, 196.8153pt x 90.5784pt>
File: bilder/KITlogo_4c_deutsch_RGB.jpg Graphic file (type jpg)
<use bilder/KITlogo_4c_deutsch_RGB.jpg>
Package pdftex.def Info: bilder/KITlogo_4c_deutsch_RGB.jpg  used on input line 
4.
(pdftex.def)             Requested size: 138.21777pt x 63.61037pt.
LaTeX Font Info:    Font shape `OT1/ptm/bx/n' in size <17.28> not available
(Font)              Font shape `OT1/ptm/b/n' tried instead on input line 11.
LaTeX Font Info:    Try loading font information for OT1+phv on input line 11.

(/usr/local/texlive/2018/texmf-dist/tex/latex/psnfss/ot1phv.fd
File: ot1phv.fd 2001/06/04 scalable font definitions for OT1/phv.
)
LaTeX Font Info:    Font shape `OT1/phv/bx/n' in size <17.28> not available
(Font)              Font shape `OT1/phv/b/n' tried instead on input line 11.
LaTeX Font Info:    Font shape `OT1/ptm/bx/n' in size <14.4> not available
(Font)              Font shape `OT1/ptm/b/n' tried instead on input line 14.
LaTeX Font Info:    Try loading font information for U+msa on input line 25.

(/usr/local/texlive/2018/texmf-dist/tex/latex/amsfonts/umsa.fd
File: umsa.fd 2013/01/14 v3.01 AMS symbols A
)
LaTeX Font Info:    Try loading font information for U+msb on input line 25.

(/usr/local/texlive/2018/texmf-dist/tex/latex/amsfonts/umsb.fd
File: umsb.fd 2013/01/14 v3.01 AMS symbols B
)
Package babel Info: Redefining ngerman shorthand "|
(babel)             in language  on input line 36.
Package babel Info: Redefining ngerman shorthand "~
(babel)             in language  on input line 36.
Package babel Info: Redefining ngerman shorthand "|
(babel)             in language  on input line 36.
Package babel Info: Redefining ngerman shorthand "~
(babel)             in language  on input line 36.
 [1


{/usr/local/texlive/2018/texmf-var/fonts/map/pdftex/updmap/pdftex.map} <./bilde
r/KITlogo_4c_deutsch_RGB.jpg>]) (./Aufgabenstellung.tex
File: bilder/KITlogo_4c_deutsch_RGB.jpg Graphic file (type jpg)
<use bilder/KITlogo_4c_deutsch_RGB.jpg>
Package pdftex.def Info: bilder/KITlogo_4c_deutsch_RGB.jpg  used on input line 
2.
(pdftex.def)             Requested size: 138.21777pt x 63.61037pt.
LaTeX Font Info:    Font shape `OT1/ptm/bx/n' in size <24.88> not available
(Font)              Font shape `OT1/ptm/b/n' tried instead on input line 5.
LaTeX Font Info:    Try loading font information for TS1+ptm on input line 23.

(/usr/local/texlive/2018/texmf-dist/tex/latex/psnfss/ts1ptm.fd
File: ts1ptm.fd 2001/06/04 font definitions for TS1/ptm.
)
Package babel Info: Redefining ngerman shorthand "|
(babel)             in language  on input line 31.
Package babel Info: Redefining ngerman shorthand "~
(babel)             in language  on input line 31.
Package babel Info: Redefining ngerman shorthand "|
(babel)             in language  on input line 31.
Package babel Info: Redefining ngerman shorthand "~
(babel)             in language  on input line 31.
 [2


])
(./Erklaerung.tex
Underfull \hbox (badness 10000) in paragraph at lines 5--7

 []


Underfull \hbox (badness 10000) in paragraph at lines 10--11

 []


Underfull \hbox (badness 10000) in paragraph at lines 12--13

 []


Underfull \hbox (badness 10000) in paragraph at lines 14--15

 []

Package babel Info: Redefining ngerman shorthand "|
(babel)             in language  on input line 16.
Package babel Info: Redefining ngerman shorthand "~
(babel)             in language  on input line 16.
Package babel Info: Redefining ngerman shorthand "|
(babel)             in language  on input line 16.
Package babel Info: Redefining ngerman shorthand "~
(babel)             in language  on input line 16.
[3

]) (./Danksagung.tex
Underfull \hbox (badness 10000) in paragraph at lines 5--7

 []

Package babel Info: Redefining ngerman shorthand "|
(babel)             in language  on input line 10.
Package babel Info: Redefining ngerman shorthand "~
(babel)             in language  on input line 10.
Package babel Info: Redefining ngerman shorthand "|
(babel)             in language  on input line 10.
Package babel Info: Redefining ngerman shorthand "~
(babel)             in language  on input line 10.
[4

]) (./Kurzfassung.tex
Underfull \hbox (badness 10000) in paragraph at lines 5--7

 []

)
Package babel Info: Redefining ngerman shorthand "|
(babel)             in language  on input line 82.
Package babel Info: Redefining ngerman shorthand "~
(babel)             in language  on input line 82.
Package babel Info: Redefining ngerman shorthand "|
(babel)             in language  on input line 82.
Package babel Info: Redefining ngerman shorthand "~
(babel)             in language  on input line 82.
 [5

] (./main.toc
LaTeX Font Info:    Font shape `OT1/ptm/bx/n' in size <12> not available
(Font)              Font shape `OT1/ptm/b/n' tried instead on input line 2.
Package babel Info: Redefining ngerman shorthand "|
(babel)             in language  on input line 19.
Package babel Info: Redefining ngerman shorthand "~
(babel)             in language  on input line 19.
Package babel Info: Redefining ngerman shorthand "|
(babel)             in language  on input line 19.
Package babel Info: Redefining ngerman shorthand "~
(babel)             in language  on input line 19.
 [6


]
Package babel Info: Redefining ngerman shorthand "|
(babel)             in language  on input line 53.
Package babel Info: Redefining ngerman shorthand "~
(babel)             in language  on input line 53.
Package babel Info: Redefining ngerman shorthand "|
(babel)             in language  on input line 53.
Package babel Info: Redefining ngerman shorthand "~
(babel)             in language  on input line 53.
 [7]
Package babel Info: Redefining ngerman shorthand "|
(babel)             in language  on input line 75.
Package babel Info: Redefining ngerman shorthand "~
(babel)             in language  on input line 75.
Package babel Info: Redefining ngerman shorthand "|
(babel)             in language  on input line 75.
Package babel Info: Redefining ngerman shorthand "~
(babel)             in language  on input line 75.
 [8])
\tf@toc=\write4
\openout4 = `main.toc'.

Package babel Info: Redefining ngerman shorthand "|
(babel)             in language  on input line 88.
Package babel Info: Redefining ngerman shorthand "~
(babel)             in language  on input line 88.
Package babel Info: Redefining ngerman shorthand "|
(babel)             in language  on input line 88.
Package babel Info: Redefining ngerman shorthand "~
(babel)             in language  on input line 88.
 [9]
Package babel Info: Redefining ngerman shorthand "|
(babel)             in language  on input line 90.
Package babel Info: Redefining ngerman shorthand "~
(babel)             in language  on input line 90.
 (./main.lof
Package babel Info: Redefining ngerman shorthand "|
(babel)             in language  on input line 22.
Package babel Info: Redefining ngerman shorthand "~
(babel)             in language  on input line 22.
Package babel Info: Redefining ngerman shorthand "|
(babel)             in language  on input line 22.
Package babel Info: Redefining ngerman shorthand "~
(babel)             in language  on input line 22.
 [10

])
\tf@lof=\write5
\openout5 = `main.lof'.

Package babel Info: Redefining ngerman shorthand "|
(babel)             in language  on input line 93.
Package babel Info: Redefining ngerman shorthand "~
(babel)             in language  on input line 93.
Package babel Info: Redefining ngerman shorthand "|
(babel)             in language  on input line 93.
Package babel Info: Redefining ngerman shorthand "~
(babel)             in language  on input line 93.
 [11]
Package babel Info: Redefining ngerman shorthand "|
(babel)             in language  on input line 95.
Package babel Info: Redefining ngerman shorthand "~
(babel)             in language  on input line 95.
 (./main.lot)
\tf@lot=\write6
\openout6 = `main.lot'.

Package babel Info: Redefining ngerman shorthand "|
(babel)             in language  on input line 98.
Package babel Info: Redefining ngerman shorthand "~
(babel)             in language  on input line 98.
Package babel Info: Redefining ngerman shorthand "|
(babel)             in language  on input line 98.
Package babel Info: Redefining ngerman shorthand "~
(babel)             in language  on input line 98.
 [12

]
(./Einfuehrung.tex
Kapitel 1.
Package babel Info: Redefining ngerman shorthand "|
(babel)             in language  on input line 1.
Package babel Info: Redefining ngerman shorthand "~
(babel)             in language  on input line 1.
Package babel Info: Redefining ngerman shorthand "|
(babel)             in language  on input line 5.
Package babel Info: Redefining ngerman shorthand "~
(babel)             in language  on input line 5.
Package babel Info: Redefining ngerman shorthand "|
(babel)             in language  on input line 16.
Package babel Info: Redefining ngerman shorthand "~
(babel)             in language  on input line 16.
Package babel Info: Redefining ngerman shorthand "|
(babel)             in language  on input line 16.
Package babel Info: Redefining ngerman shorthand "~
(babel)             in language  on input line 16.
[1



]
<bilder/ITO_Glass.jpg, id=480, 3020.28375pt x 2001.4775pt>
File: bilder/ITO_Glass.jpg Graphic file (type jpg)
<use bilder/ITO_Glass.jpg>
Package pdftex.def Info: bilder/ITO_Glass.jpg  used on input line 23.
(pdftex.def)             Requested size: 284.52756pt x 188.52371pt.
LaTeX Font Info:    Font shape `OT1/ptm/bx/n' in size <10.95> not available
(Font)              Font shape `OT1/ptm/b/n' tried instead on input line 25.
<bilder/Grafische.png, id=482, 494.8086pt x 538.6524pt>
File: bilder/Grafische.png Graphic file (type png)
<use bilder/Grafische.png>
Package pdftex.def Info: bilder/Grafische.png  used on input line 33.
(pdftex.def)             Requested size: 426.79134pt x 464.6293pt.
Package babel Info: Redefining ngerman shorthand "|
(babel)             in language  on input line 38.
Package babel Info: Redefining ngerman shorthand "~
(babel)             in language  on input line 38.
Package babel Info: Redefining ngerman shorthand "|
(babel)             in language  on input line 38.
Package babel Info: Redefining ngerman shorthand "~
(babel)             in language  on input line 38.
 [2 <./bilder/ITO_Glass.jpg>]
Package babel Info: Redefining ngerman shorthand "|
(babel)             in language  on input line 39.
Package babel Info: Redefining ngerman shorthand "~
(babel)             in language  on input line 39.
<bilder/gedruckte_schaltung.png, id=490, 415.3116pt x 327.1422pt>
File: bilder/gedruckte_schaltung.png Graphic file (type png)
<use bilder/gedruckte_schaltung.png>
Package pdftex.def Info: bilder/gedruckte_schaltung.png  used on input line 46.

(pdftex.def)             Requested size: 142.26378pt x 112.0605pt.
<bilder/Flipchip_anordnung.png, id=491, 440.3652pt x 144.54pt>
File: bilder/Flipchip_anordnung.png Graphic file (type png)
<use bilder/Flipchip_anordnung.png>
Package pdftex.def Info: bilder/Flipchip_anordnung.png  used on input line 49.
(pdftex.def)             Requested size: 142.26378pt x 46.69482pt.
Package babel Info: Redefining ngerman shorthand "|
(babel)             in language  on input line 53.
Package babel Info: Redefining ngerman shorthand "~
(babel)             in language  on input line 53.
Package babel Info: Redefining ngerman shorthand "|
(babel)             in language  on input line 53.
Package babel Info: Redefining ngerman shorthand "~
(babel)             in language  on input line 53.
 [3 <./bilder/Grafische.png>]
Package babel Info: Redefining ngerman shorthand "|
(babel)             in language  on input line 55.
Package babel Info: Redefining ngerman shorthand "~
(babel)             in language  on input line 55.
) (./Grundlage.tex
Package babel Info: Redefining ngerman shorthand "|
(babel)             in language  on input line 1.
Package babel Info: Redefining ngerman shorthand "~
(babel)             in language  on input line 1.
Package babel Info: Redefining ngerman shorthand "|
(babel)             in language  on input line 1.
Package babel Info: Redefining ngerman shorthand "~
(babel)             in language  on input line 1.
[4 <./bilder/gedruckte_schaltung.png> <./bilder/Flipchip_anordnung.png>]
Kapitel 2.
Package babel Info: Redefining ngerman shorthand "|
(babel)             in language  on input line 1.
Package babel Info: Redefining ngerman shorthand "~
(babel)             in language  on input line 1.
Package babel Info: Redefining ngerman shorthand "|
(babel)             in language  on input line 6.
Package babel Info: Redefining ngerman shorthand "~
(babel)             in language  on input line 6.
Package babel Info: Redefining ngerman shorthand "|
(babel)             in language  on input line 10.
Package babel Info: Redefining ngerman shorthand "~
(babel)             in language  on input line 10.
Package babel Info: Redefining ngerman shorthand "|
(babel)             in language  on input line 17.
Package babel Info: Redefining ngerman shorthand "~
(babel)             in language  on input line 17.
Package babel Info: Redefining ngerman shorthand "|
(babel)             in language  on input line 17.
Package babel Info: Redefining ngerman shorthand "~
(babel)             in language  on input line 17.
[5

]
<bilder/Adhaesion.png, id=511, 474.77374pt x 315.1775pt>
File: bilder/Adhaesion.png Graphic file (type png)
<use bilder/Adhaesion.png>
Package pdftex.def Info: bilder/Adhaesion.png  used on input line 21.
(pdftex.def)             Requested size: 256.0748pt x 170.00095pt.
Package babel Info: Redefining ngerman shorthand "|
(babel)             in language  on input line 29.
Package babel Info: Redefining ngerman shorthand "~
(babel)             in language  on input line 29.
Package babel Info: Redefining ngerman shorthand "|
(babel)             in language  on input line 33.
Package babel Info: Redefining ngerman shorthand "~
(babel)             in language  on input line 33.
Package babel Info: Redefining ngerman shorthand "|
(babel)             in language  on input line 33.
Package babel Info: Redefining ngerman shorthand "~
(babel)             in language  on input line 33.
 [6 <./bilder/Adhaesion.png>]
<bilder/Viskositaet.png, id=518, 929.4725pt x 591.20876pt>
File: bilder/Viskositaet.png Graphic file (type png)
<use bilder/Viskositaet.png>
Package pdftex.def Info: bilder/Viskositaet.png  used on input line 36.
(pdftex.def)             Requested size: 227.62204pt x 144.77975pt.
Package babel Info: Redefining ngerman shorthand "|
(babel)             in language  on input line 42.
Package babel Info: Redefining ngerman shorthand "~
(babel)             in language  on input line 42.
Package babel Info: Redefining ngerman shorthand "|
(babel)             in language  on input line 49.
Package babel Info: Redefining ngerman shorthand "~
(babel)             in language  on input line 49.
Package babel Info: Redefining ngerman shorthand "|
(babel)             in language  on input line 51.
Package babel Info: Redefining ngerman shorthand "~
(babel)             in language  on input line 51.
Package babel Info: Redefining ngerman shorthand "|
(babel)             in language  on input line 51.
Package babel Info: Redefining ngerman shorthand "~
(babel)             in language  on input line 51.
 [7 <./bilder/Viskositaet.png (PNG copy)>]
<bilder/Abbindezeit.png, id=525, 298.11375pt x 264.99pt>
File: bilder/Abbindezeit.png Graphic file (type png)
<use bilder/Abbindezeit.png>
Package pdftex.def Info: bilder/Abbindezeit.png  used on input line 56.
(pdftex.def)             Requested size: 227.62204pt x 202.33257pt.
Package babel Info: Redefining ngerman shorthand "|
(babel)             in language  on input line 63.
Package babel Info: Redefining ngerman shorthand "~
(babel)             in language  on input line 63.

Underfull \hbox (badness 1622) in paragraph at lines 82--83
[]|\OT1/ptm/m/n/12 zerst[]orungsfreie Qua-lit[]atspr[]ufung nur be-dingt
 []


Underfull \hbox (badness 10000) in paragraph at lines 86--86
[]|\OT1/ptm/m/n/12 keine pr[]azisen Pas-sun-gen der
 []


Underfull \hbox (badness 1043) in paragraph at lines 88--88
[]|\OT1/ptm/m/n/12 gute D[]ampfungseigenschaften der Ver-
 []

Package babel Info: Redefining ngerman shorthand "|
(babel)             in language  on input line 93.
Package babel Info: Redefining ngerman shorthand "~
(babel)             in language  on input line 93.
Package babel Info: Redefining ngerman shorthand "|
(babel)             in language  on input line 93.
Package babel Info: Redefining ngerman shorthand "~
(babel)             in language  on input line 93.
[8 <./bilder/Abbindezeit.png>]
Package babel Info: Redefining ngerman shorthand "|
(babel)             in language  on input line 95.
Package babel Info: Redefining ngerman shorthand "~
(babel)             in language  on input line 95.
Package babel Info: Redefining ngerman shorthand "|
(babel)             in language  on input line 103.
Package babel Info: Redefining ngerman shorthand "~
(babel)             in language  on input line 103.
Package babel Info: Redefining ngerman shorthand "|
(babel)             in language  on input line 103.
Package babel Info: Redefining ngerman shorthand "~
(babel)             in language  on input line 103.
 [9]
<bilder/isotrop.jpg, id=538, 1198.4775pt x 1005.7575pt>
File: bilder/isotrop.jpg Graphic file (type jpg)
<use bilder/isotrop.jpg>
Package pdftex.def Info: bilder/isotrop.jpg  used on input line 108.
(pdftex.def)             Requested size: 156.49014pt x 131.32088pt.
<bilder/anisotrop.png, id=539, 565.11125pt x 428.60126pt>
File: bilder/anisotrop.png Graphic file (type png)
<use bilder/anisotrop.png>
Package pdftex.def Info: bilder/anisotrop.png  used on input line 111.
(pdftex.def)             Requested size: 156.49014pt x 118.68646pt.
Package babel Info: Redefining ngerman shorthand "|
(babel)             in language  on input line 117.
Package babel Info: Redefining ngerman shorthand "~
(babel)             in language  on input line 117.
Package babel Info: Redefining ngerman shorthand "|
(babel)             in language  on input line 124.
Package babel Info: Redefining ngerman shorthand "~
(babel)             in language  on input line 124.
Package babel Info: Redefining ngerman shorthand "|
(babel)             in language  on input line 124.
Package babel Info: Redefining ngerman shorthand "~
(babel)             in language  on input line 124.
 [10 <./bilder/isotrop.jpg> <./bilder/anisotrop.png>]
Package babel Info: Redefining ngerman shorthand "|
(babel)             in language  on input line 127.
Package babel Info: Redefining ngerman shorthand "~
(babel)             in language  on input line 127.
Package babel Info: Redefining ngerman shorthand "|
(babel)             in language  on input line 133.
Package babel Info: Redefining ngerman shorthand "~
(babel)             in language  on input line 133.
<bilder/Auftragsverfahren.png, id=550, 719.68875pt x 257.96375pt>
File: bilder/Auftragsverfahren.png Graphic file (type png)
<use bilder/Auftragsverfahren.png>
Package pdftex.def Info: bilder/Auftragsverfahren.png  used on input line 137.
(pdftex.def)             Requested size: 341.43306pt x 122.38446pt.
Package babel Info: Redefining ngerman shorthand "|
(babel)             in language  on input line 142.
Package babel Info: Redefining ngerman shorthand "~
(babel)             in language  on input line 142.
Package babel Info: Redefining ngerman shorthand "|
(babel)             in language  on input line 142.
Package babel Info: Redefining ngerman shorthand "~
(babel)             in language  on input line 142.
 [11]
Package babel Info: Redefining ngerman shorthand "|
(babel)             in language  on input line 145.
Package babel Info: Redefining ngerman shorthand "~
(babel)             in language  on input line 145.
<bilder/Fadenziehen.png, id=556, 1172.38pt x 429.605pt>
File: bilder/Fadenziehen.png Graphic file (type png)
<use bilder/Fadenziehen.png>
Package pdftex.def Info: bilder/Fadenziehen.png  used on input line 152.
(pdftex.def)             Requested size: 284.52756pt x 104.26102pt.
Package babel Info: Redefining ngerman shorthand "|
(babel)             in language  on input line 156.
Package babel Info: Redefining ngerman shorthand "~
(babel)             in language  on input line 156.
Package babel Info: Redefining ngerman shorthand "|
(babel)             in language  on input line 156.
Package babel Info: Redefining ngerman shorthand "~
(babel)             in language  on input line 156.
 [12 <./bilder/Auftragsverfahren.png (PNG copy)>]
Package babel Info: Redefining ngerman shorthand "|
(babel)             in language  on input line 158.
Package babel Info: Redefining ngerman shorthand "~
(babel)             in language  on input line 158.
Package babel Info: Redefining ngerman shorthand "|
(babel)             in language  on input line 165.
Package babel Info: Redefining ngerman shorthand "~
(babel)             in language  on input line 165.
Package babel Info: Redefining ngerman shorthand "|
(babel)             in language  on input line 169.
Package babel Info: Redefining ngerman shorthand "~
(babel)             in language  on input line 169.
Package babel Info: Redefining ngerman shorthand "|
(babel)             in language  on input line 169.
Package babel Info: Redefining ngerman shorthand "~
(babel)             in language  on input line 169.
 [13 <./bilder/Fadenziehen.png (PNG copy)>]) (./Materialien.tex
Kapitel 3.
Package babel Info: Redefining ngerman shorthand "|
(babel)             in language  on input line 1.
Package babel Info: Redefining ngerman shorthand "~
(babel)             in language  on input line 1.
Package babel Info: Redefining ngerman shorthand "|
(babel)             in language  on input line 7.
Package babel Info: Redefining ngerman shorthand "~
(babel)             in language  on input line 7.
<bilder/Core_Beschr_keine_Nummerierung.png, id=567, 530.4618pt x 520.344pt>
File: bilder/Core_Beschr_keine_Nummerierung.png Graphic file (type png)
<use bilder/Core_Beschr_keine_Nummerierung.png>
Package pdftex.def Info: bilder/Core_Beschr_keine_Nummerierung.png  used on inp
ut line 14.
(pdftex.def)             Requested size: 142.26378pt x 139.54991pt.
<bilder/diffc_puf_core_adapter_rev_1_flip_chip_2.png, id=568, 369.0588pt x 213.
9192pt>
File: bilder/diffc_puf_core_adapter_rev_1_flip_chip_2.png Graphic file (type pn
g)
<use bilder/diffc_puf_core_adapter_rev_1_flip_chip_2.png>
Package pdftex.def Info: bilder/diffc_puf_core_adapter_rev_1_flip_chip_2.png  u
sed on input line 16.
(pdftex.def)             Requested size: 227.62204pt x 131.93979pt.
Package babel Info: Redefining ngerman shorthand "|
(babel)             in language  on input line 25.
Package babel Info: Redefining ngerman shorthand "~
(babel)             in language  on input line 25.
Package babel Info: Redefining ngerman shorthand "|
(babel)             in language  on input line 25.
Package babel Info: Redefining ngerman shorthand "~
(babel)             in language  on input line 25.
[14


 <./bilder/Core_Beschr_keine_Nummerierung.png> <./bilder/diffc_puf_core_adapter
_rev_1_flip_chip_2.png>]
Underfull \hbox (badness 10000) in paragraph at lines 45--45
[]|\OT1/ptm/m/n/12 Volumenwiderstand
 []


Underfull \hbox (badness 3792) in paragraph at lines 47--47
\OT1/ptm/m/n/12 pe-ra-tu-ren, Dis-pen-ser, Sieb-
 []


Underfull \hbox (badness 3547) in paragraph at lines 47--48
[]|\OT1/ptm/m/n/12 h[]artet bei RT und nied-ri-
 []


Underfull \hbox (badness 3229) in paragraph at lines 47--48
\OT1/ptm/m/n/12 gen Tem-pe-ra-tu-ren, Dis-pen-
 []

Package babel Info: Redefining ngerman shorthand "|
(babel)             in language  on input line 59.
Package babel Info: Redefining ngerman shorthand "~
(babel)             in language  on input line 59.
Package babel Info: Redefining ngerman shorthand "|
(babel)             in language  on input line 62.
Package babel Info: Redefining ngerman shorthand "~
(babel)             in language  on input line 62.
Package babel Info: Redefining ngerman shorthand "|
(babel)             in language  on input line 65.
Package babel Info: Redefining ngerman shorthand "~
(babel)             in language  on input line 65.
Package babel Info: Redefining ngerman shorthand "|
(babel)             in language  on input line 65.
Package babel Info: Redefining ngerman shorthand "~
(babel)             in language  on input line 65.
[15]
<bilder/mimose.png, id=585, 505.89pt x 791.95876pt>
File: bilder/mimose.png Graphic file (type png)
<use bilder/mimose.png>
Package pdftex.def Info: bilder/mimose.png  used on input line 69.
(pdftex.def)             Requested size: 227.62204pt x 356.3419pt.

Overfull \hbox (2.28001pt too wide) in paragraph at lines 67--89
[][] [] 
 []

Package babel Info: Redefining ngerman shorthand "|
(babel)             in language  on input line 94.
Package babel Info: Redefining ngerman shorthand "~
(babel)             in language  on input line 94.
Package babel Info: Redefining ngerman shorthand "|
(babel)             in language  on input line 94.
Package babel Info: Redefining ngerman shorthand "~
(babel)             in language  on input line 94.
[16 <./bilder/mimose.png>]

pdfTeX warning: pdflatex (file ./bilder/chuck_ohne_bemassung.pdf): PDF inclusio
n: found PDF version <1.7>, but at most version <1.5> allowed
<bilder/chuck_ohne_bemassung.pdf, id=593, 1194.86403pt x 844.5954pt>
File: bilder/chuck_ohne_bemassung.pdf Graphic file (type pdf)
<use bilder/chuck_ohne_bemassung.pdf>
Package pdftex.def Info: bilder/chuck_ohne_bemassung.pdf  used on input line 10
0.
(pdftex.def)             Requested size: 426.79134pt x 301.68282pt.

Underfull \hbox (badness 1552) in paragraph at lines 107--108
\OT1/ptm/m/n/12 Die am Quer-por-tal an-ge-brach-te Z-Achse be-steht aus ei-nem 
kom-pak-ten Li-ne-ar-tisch mit
 []

Package babel Info: Redefining ngerman shorthand "|
(babel)             in language  on input line 108.
Package babel Info: Redefining ngerman shorthand "~
(babel)             in language  on input line 108.
Package babel Info: Redefining ngerman shorthand "|
(babel)             in language  on input line 108.
Package babel Info: Redefining ngerman shorthand "~
(babel)             in language  on input line 108.
[17 <./bilder/chuck_ohne_bemassung.pdf>]
Package babel Info: Redefining ngerman shorthand "|
(babel)             in language  on input line 112.
Package babel Info: Redefining ngerman shorthand "~
(babel)             in language  on input line 112.
<bilder/EFD2000.jpg, id=614, 4047.12pt x 3035.34pt>
File: bilder/EFD2000.jpg Graphic file (type jpg)
<use bilder/EFD2000.jpg>
Package pdftex.def Info: bilder/EFD2000.jpg  used on input line 119.
(pdftex.def)             Requested size: 284.52756pt x 213.3755pt.
Package babel Info: Redefining ngerman shorthand "|
(babel)             in language  on input line 127.
Package babel Info: Redefining ngerman shorthand "~
(babel)             in language  on input line 127.
Package babel Info: Redefining ngerman shorthand "|
(babel)             in language  on input line 127.
Package babel Info: Redefining ngerman shorthand "~
(babel)             in language  on input line 127.
 [18 <./bilder/EFD2000.jpg>]
Package babel Info: Redefining ngerman shorthand "|
(babel)             in language  on input line 147.
Package babel Info: Redefining ngerman shorthand "~
(babel)             in language  on input line 147.
Package babel Info: Redefining ngerman shorthand "|
(babel)             in language  on input line 161.
Package babel Info: Redefining ngerman shorthand "~
(babel)             in language  on input line 161.
Package babel Info: Redefining ngerman shorthand "|
(babel)             in language  on input line 167.
Package babel Info: Redefining ngerman shorthand "~
(babel)             in language  on input line 167.
Package babel Info: Redefining ngerman shorthand "|
(babel)             in language  on input line 167.
Package babel Info: Redefining ngerman shorthand "~
(babel)             in language  on input line 167.
 [19])
(./Entwicklung.tex
Package babel Info: Redefining ngerman shorthand "|
(babel)             in language  on input line 1.
Package babel Info: Redefining ngerman shorthand "~
(babel)             in language  on input line 1.
Package babel Info: Redefining ngerman shorthand "|
(babel)             in language  on input line 1.
Package babel Info: Redefining ngerman shorthand "~
(babel)             in language  on input line 1.
 [20]
Kapitel 4.
Package babel Info: Redefining ngerman shorthand "|
(babel)             in language  on input line 1.
Package babel Info: Redefining ngerman shorthand "~
(babel)             in language  on input line 1.
Package babel Info: Redefining ngerman shorthand "|
(babel)             in language  on input line 7.
Package babel Info: Redefining ngerman shorthand "~
(babel)             in language  on input line 7.
Package babel Info: Redefining ngerman shorthand "|
(babel)             in language  on input line 19.
Package babel Info: Redefining ngerman shorthand "~
(babel)             in language  on input line 19.
Package babel Info: Redefining ngerman shorthand "|
(babel)             in language  on input line 19.
Package babel Info: Redefining ngerman shorthand "~
(babel)             in language  on input line 19.
[21

]
LaTeX Font Info:    Try loading font information for OML+ptm on input line 24.
 (/usr/local/texlive/2018/texmf-dist/tex/latex/psnfss/omlptm.fd
File: omlptm.fd 
)
LaTeX Font Info:    Font shape `OML/ptm/m/n' in size <12> not available
(Font)              Font shape `OML/cmm/m/it' tried instead on input line 24.
Package babel Info: Redefining ngerman shorthand "|
(babel)             in language  on input line 38.
Package babel Info: Redefining ngerman shorthand "~
(babel)             in language  on input line 38.
Package babel Info: Redefining ngerman shorthand "|
(babel)             in language  on input line 38.
Package babel Info: Redefining ngerman shorthand "~
(babel)             in language  on input line 38.
 [22]
Underfull \hbox (badness 4303) in paragraph at lines 47--47
[]|\OT1/ptm/m/n/12 Ber[]uhrungs- und Tem-pe-ra-tur-emp-
 []


Underfull \hbox (badness 5417) in paragraph at lines 47--47
\OT1/ptm/m/n/12 find-lich-keit der ge-druck-ten ITO-
 []


Underfull \hbox (badness 10000) in paragraph at lines 55--55
[]|\OT1/ptm/m/n/12 Beim Do-sie-ren kei-ne Luf-tein-
 []

Package babel Info: Redefining ngerman shorthand "|
(babel)             in language  on input line 75.
Package babel Info: Redefining ngerman shorthand "~
(babel)             in language  on input line 75.
<bilder/Prozessablauf.png, id=649, 470.75874pt x 63.23625pt>
File: bilder/Prozessablauf.png Graphic file (type png)
<use bilder/Prozessablauf.png>
Package pdftex.def Info: bilder/Prozessablauf.png  used on input line 81.
(pdftex.def)             Requested size: 341.43306pt x 45.8639pt.
Package babel Info: Redefining ngerman shorthand "|
(babel)             in language  on input line 85.
Package babel Info: Redefining ngerman shorthand "~
(babel)             in language  on input line 85.
Package babel Info: Redefining ngerman shorthand "|
(babel)             in language  on input line 85.
Package babel Info: Redefining ngerman shorthand "~
(babel)             in language  on input line 85.
[23]
Package babel Info: Redefining ngerman shorthand "|
(babel)             in language  on input line 110.
Package babel Info: Redefining ngerman shorthand "~
(babel)             in language  on input line 110.
<bilder/Werkstuecktraeger.png, id=655, 698.61pt x 460.72125pt>
File: bilder/Werkstuecktraeger.png Graphic file (type png)
<use bilder/Werkstuecktraeger.png>
Package pdftex.def Info: bilder/Werkstuecktraeger.png  used on input line 114.
(pdftex.def)             Requested size: 256.0748pt x 168.8754pt.
Package babel Info: Redefining ngerman shorthand "|
(babel)             in language  on input line 118.
Package babel Info: Redefining ngerman shorthand "~
(babel)             in language  on input line 118.
Package babel Info: Redefining ngerman shorthand "|
(babel)             in language  on input line 118.
Package babel Info: Redefining ngerman shorthand "~
(babel)             in language  on input line 118.
 [24 <./bilder/Prozessablauf.png>]
<bilder/Anordnung.jpg, id=662, 4047.12pt x 3035.34pt>
File: bilder/Anordnung.jpg Graphic file (type jpg)
<use bilder/Anordnung.jpg>
Package pdftex.def Info: bilder/Anordnung.jpg  used on input line 124.
(pdftex.def)             Requested size: 284.52756pt x 213.3755pt.
Package babel Info: Redefining ngerman shorthand "|
(babel)             in language  on input line 130.
Package babel Info: Redefining ngerman shorthand "~
(babel)             in language  on input line 130.
Package babel Info: Redefining ngerman shorthand "|
(babel)             in language  on input line 132.
Package babel Info: Redefining ngerman shorthand "~
(babel)             in language  on input line 132.
Package babel Info: Redefining ngerman shorthand "|
(babel)             in language  on input line 132.
Package babel Info: Redefining ngerman shorthand "~
(babel)             in language  on input line 132.
 [25 <./bilder/Werkstuecktraeger.png> <./bilder/Anordnung.jpg>]
Underfull \hbox (badness 10000) in paragraph at lines 160--160
[]|\OT1/ptm/m/n/12 unbefrie-
 []


Underfull \hbox (badness 10000) in paragraph at lines 160--160
[]|\OT1/ptm/m/n/12 gerade
 []


Underfull \hbox (badness 10000) in paragraph at lines 160--160
\OT1/ptm/m/n/12 noch trag-
 []

Package babel Info: Redefining ngerman shorthand "|
(babel)             in language  on input line 166.
Package babel Info: Redefining ngerman shorthand "~
(babel)             in language  on input line 166.
Package babel Info: Redefining ngerman shorthand "|
(babel)             in language  on input line 166.
Package babel Info: Redefining ngerman shorthand "~
(babel)             in language  on input line 166.
[26]
Underfull \hbox (badness 10000) in paragraph at lines 171--171
[]|\OT1/ptm/m/n/12 Loctite
 []


Underfull \hbox (badness 10000) in paragraph at lines 171--171
[]|\OT1/ptm/m/n/12 Duralco
 []


Underfull \hbox (badness 10000) in paragraph at lines 171--171
[]|\OT1/ptm/m/n/12 Elecolit
 []


Underfull \hbox (badness 10000) in paragraph at lines 171--172
[]|\OT1/ptm/m/n/12 Elecolit
 []

Package babel Info: Redefining ngerman shorthand "|
(babel)             in language  on input line 191.
Package babel Info: Redefining ngerman shorthand "~
(babel)             in language  on input line 191.
<bilder/Dosierprozessablauf.png, id=677, 257.96375pt x 360.34625pt>
File: bilder/Dosierprozessablauf.png Graphic file (type png)
<use bilder/Dosierprozessablauf.png>
Package pdftex.def Info: bilder/Dosierprozessablauf.png  used on input line 196
.
(pdftex.def)             Requested size: 184.9429pt x 258.34941pt.
Package babel Info: Redefining ngerman shorthand "|
(babel)             in language  on input line 200.
Package babel Info: Redefining ngerman shorthand "~
(babel)             in language  on input line 200.
Package babel Info: Redefining ngerman shorthand "|
(babel)             in language  on input line 200.
Package babel Info: Redefining ngerman shorthand "~
(babel)             in language  on input line 200.
[27]
Package babel Info: Redefining ngerman shorthand "|
(babel)             in language  on input line 203.
Package babel Info: Redefining ngerman shorthand "~
(babel)             in language  on input line 203.
<bilder/Prozessmodule.jpg, id=683, 4047.12pt x 3035.34pt>
File: bilder/Prozessmodule.jpg Graphic file (type jpg)
<use bilder/Prozessmodule.jpg>
Package pdftex.def Info: bilder/Prozessmodule.jpg  used on input line 214.
(pdftex.def)             Requested size: 284.52756pt x 213.3755pt.
Package babel Info: Redefining ngerman shorthand "|
(babel)             in language  on input line 218.
Package babel Info: Redefining ngerman shorthand "~
(babel)             in language  on input line 218.
Package babel Info: Redefining ngerman shorthand "|
(babel)             in language  on input line 218.
Package babel Info: Redefining ngerman shorthand "~
(babel)             in language  on input line 218.
 [28 <./bilder/Dosierprozessablauf.png>]
Package babel Info: Redefining ngerman shorthand "|
(babel)             in language  on input line 220.
Package babel Info: Redefining ngerman shorthand "~
(babel)             in language  on input line 220.
<bilder/grobLagebeziehung.png, id=690, 1311.7005pt x 635.7351pt>
File: bilder/grobLagebeziehung.png Graphic file (type png)
<use bilder/grobLagebeziehung.png>
Package pdftex.def Info: bilder/grobLagebeziehung.png  used on input line 224.
(pdftex.def)             Requested size: 298.75394pt x 144.79001pt.
<bilder/OK.png, id=692, 301.125pt x 187.4202pt>
File: bilder/OK.png Graphic file (type png)
<use bilder/OK.png>
Package pdftex.def Info: bilder/OK.png  used on input line 234.
(pdftex.def)             Requested size: 199.16928pt x 123.96652pt.
Package babel Info: Redefining ngerman shorthand "|
(babel)             in language  on input line 237.
Package babel Info: Redefining ngerman shorthand "~
(babel)             in language  on input line 237.
Package babel Info: Redefining ngerman shorthand "|
(babel)             in language  on input line 237.
Package babel Info: Redefining ngerman shorthand "~
(babel)             in language  on input line 237.
 [29 <./bilder/Prozessmodule.jpg> <./bilder/grobLagebeziehung.png>]
<bilder/p0.png, id=700, 1927.2pt x 1084.05pt>
File: bilder/p0.png Graphic file (type png)
<use bilder/p0.png>
Package pdftex.def Info: bilder/p0.png  used on input line 252.
(pdftex.def)             Requested size: 170.71652pt x 96.02194pt.
<bilder/p180.png, id=701, 1927.2pt x 1084.05pt>
File: bilder/p180.png Graphic file (type png)
<use bilder/p180.png>
Package pdftex.def Info: bilder/p180.png  used on input line 254.
(pdftex.def)             Requested size: 170.71652pt x 96.02194pt.
Package babel Info: Redefining ngerman shorthand "|
(babel)             in language  on input line 263.
Package babel Info: Redefining ngerman shorthand "~
(babel)             in language  on input line 263.
Package babel Info: Redefining ngerman shorthand "|
(babel)             in language  on input line 263.
Package babel Info: Redefining ngerman shorthand "~
(babel)             in language  on input line 263.
 [30 <./bilder/OK.png> <./bilder/p0.png> <./bilder/p180.png>]
<bilder/OS.png, id=721, 183.5658pt x 134.6631pt>
File: bilder/OS.png Graphic file (type png)
<use bilder/OS.png>
Package pdftex.def Info: bilder/OS.png  used on input line 266.
(pdftex.def)             Requested size: 227.62204pt x 166.98462pt.
<bilder/S0.png, id=722, 1284.8pt x 1027.84pt>
File: bilder/S0.png Graphic file (type png)
<use bilder/S0.png>
Package pdftex.def Info: bilder/S0.png  used on input line 273.
(pdftex.def)             Requested size: 142.26378pt x 113.79987pt.
<bilder/S180A.png, id=723, 1284.8pt x 1027.84pt>
File: bilder/S180A.png Graphic file (type png)
<use bilder/S180A.png>
Package pdftex.def Info: bilder/S180A.png  used on input line 275.
(pdftex.def)             Requested size: 142.26378pt x 113.79987pt.
<bilder/S180B.png, id=724, 1284.8pt x 1027.84pt>
File: bilder/S180B.png Graphic file (type png)
<use bilder/S180B.png>
Package pdftex.def Info: bilder/S180B.png  used on input line 277.
(pdftex.def)             Requested size: 142.26378pt x 113.79987pt.
Package babel Info: Redefining ngerman shorthand "|
(babel)             in language  on input line 285.
Package babel Info: Redefining ngerman shorthand "~
(babel)             in language  on input line 285.
Package babel Info: Redefining ngerman shorthand "|
(babel)             in language  on input line 301.
Package babel Info: Redefining ngerman shorthand "~
(babel)             in language  on input line 301.
Package babel Info: Redefining ngerman shorthand "|
(babel)             in language  on input line 301.
Package babel Info: Redefining ngerman shorthand "~
(babel)             in language  on input line 301.
 [31 <./bilder/OS.png> <./bilder/S0.png> <./bilder/S180A.png> <./bilder/S180B.p
ng>]
<bilder/Bildebene.png, id=744, 628.0263pt x 396.2805pt>
File: bilder/Bildebene.png Graphic file (type png)
<use bilder/Bildebene.png>
Package pdftex.def Info: bilder/Bildebene.png  used on input line 325.
(pdftex.def)             Requested size: 369.88582pt x 233.40437pt.
Package babel Info: Redefining ngerman shorthand "|
(babel)             in language  on input line 329.
Package babel Info: Redefining ngerman shorthand "~
(babel)             in language  on input line 329.
Package babel Info: Redefining ngerman shorthand "|
(babel)             in language  on input line 329.
Package babel Info: Redefining ngerman shorthand "~
(babel)             in language  on input line 329.
 [32]
Package babel Info: Redefining ngerman shorthand "|
(babel)             in language  on input line 346.
Package babel Info: Redefining ngerman shorthand "~
(babel)             in language  on input line 346.
Package babel Info: Redefining ngerman shorthand "|
(babel)             in language  on input line 346.
Package babel Info: Redefining ngerman shorthand "~
(babel)             in language  on input line 346.
 [33 <./bilder/Bildebene.png>]
(/usr/local/texlive/2018/texmf-dist/tex/latex/listings/lstlang1.sty
File: lstlang1.sty 2015/06/04 1.6 listings language file
)
(/usr/local/texlive/2018/texmf-dist/tex/latex/listings/lstlang1.sty
File: lstlang1.sty 2015/06/04 1.6 listings language file
)
(/usr/local/texlive/2018/texmf-dist/tex/latex/listings/lstmisc.sty
File: lstmisc.sty 2015/06/04 1.6 (Carsten Heinz)
)
LaTeX Font Info:    Try loading font information for OMS+ptm on input line 366.


(/usr/local/texlive/2018/texmf-dist/tex/latex/psnfss/omsptm.fd
File: omsptm.fd 
)
LaTeX Font Info:    Font shape `OMS/ptm/m/n' in size <12> not available
(Font)              Font shape `OMS/cmsy/m/n' tried instead on input line 366.
Package babel Info: Redefining ngerman shorthand "|
(babel)             in language  on input line 401.
Package babel Info: Redefining ngerman shorthand "~
(babel)             in language  on input line 401.
Package babel Info: Redefining ngerman shorthand "|
(babel)             in language  on input line 401.
Package babel Info: Redefining ngerman shorthand "~
(babel)             in language  on input line 401.
 [34

]
Package babel Info: Redefining ngerman shorthand "|
(babel)             in language  on input line 417.
Package babel Info: Redefining ngerman shorthand "~
(babel)             in language  on input line 417.
Package babel Info: Redefining ngerman shorthand "|
(babel)             in language  on input line 417.
Package babel Info: Redefining ngerman shorthand "~
(babel)             in language  on input line 417.
 [35]
<bilder/Koordinatensystem.png, id=823, 457.9509pt x 369.0588pt>
File: bilder/Koordinatensystem.png Graphic file (type png)
<use bilder/Koordinatensystem.png>
Package pdftex.def Info: bilder/Koordinatensystem.png  used on input line 425.
(pdftex.def)             Requested size: 227.62204pt x 183.44208pt.
)
(./Bildverarbeitung.tex
Package babel Info: Redefining ngerman shorthand "|
(babel)             in language  on input line 1.
Package babel Info: Redefining ngerman shorthand "~
(babel)             in language  on input line 1.
Package babel Info: Redefining ngerman shorthand "|
(babel)             in language  on input line 1.
Package babel Info: Redefining ngerman shorthand "~
(babel)             in language  on input line 1.
 [36

 <./bilder/Koordinatensystem.png>]
Kapitel 5.
Package babel Info: Redefining ngerman shorthand "|
(babel)             in language  on input line 1.
Package babel Info: Redefining ngerman shorthand "~
(babel)             in language  on input line 1.
Package babel Info: Redefining ngerman shorthand "|
(babel)             in language  on input line 6.
Package babel Info: Redefining ngerman shorthand "~
(babel)             in language  on input line 6.
Package babel Info: Redefining ngerman shorthand "|
(babel)             in language  on input line 12.
Package babel Info: Redefining ngerman shorthand "~
(babel)             in language  on input line 12.
Package babel Info: Redefining ngerman shorthand "|
(babel)             in language  on input line 17.
Package babel Info: Redefining ngerman shorthand "~
(babel)             in language  on input line 17.
Package babel Info: Redefining ngerman shorthand "|
(babel)             in language  on input line 21.
Package babel Info: Redefining ngerman shorthand "~
(babel)             in language  on input line 21.
Package babel Info: Redefining ngerman shorthand "|
(babel)             in language  on input line 25.
Package babel Info: Redefining ngerman shorthand "~
(babel)             in language  on input line 25.
Package babel Info: Redefining ngerman shorthand "|
(babel)             in language  on input line 25.
Package babel Info: Redefining ngerman shorthand "~
(babel)             in language  on input line 25.
[37

]
Package babel Info: Redefining ngerman shorthand "|
(babel)             in language  on input line 25.
Package babel Info: Redefining ngerman shorthand "~
(babel)             in language  on input line 25.
Package babel Info: Redefining ngerman shorthand "|
(babel)             in language  on input line 29.
Package babel Info: Redefining ngerman shorthand "~
(babel)             in language  on input line 29.
) (./Durchfuehrung.tex
Package babel Info: Redefining ngerman shorthand "|
(babel)             in language  on input line 1.
Package babel Info: Redefining ngerman shorthand "~
(babel)             in language  on input line 1.
Package babel Info: Redefining ngerman shorthand "|
(babel)             in language  on input line 1.
Package babel Info: Redefining ngerman shorthand "~
(babel)             in language  on input line 1.
 [38]
Kapitel 6.
Package babel Info: Redefining ngerman shorthand "|
(babel)             in language  on input line 1.
Package babel Info: Redefining ngerman shorthand "~
(babel)             in language  on input line 1.
Package babel Info: Redefining ngerman shorthand "|
(babel)             in language  on input line 8.
Package babel Info: Redefining ngerman shorthand "~
(babel)             in language  on input line 8.
Package babel Info: Redefining ngerman shorthand "|
(babel)             in language  on input line 13.
Package babel Info: Redefining ngerman shorthand "~
(babel)             in language  on input line 13.
Package babel Info: Redefining ngerman shorthand "|
(babel)             in language  on input line 20.
Package babel Info: Redefining ngerman shorthand "~
(babel)             in language  on input line 20.
Package babel Info: Redefining ngerman shorthand "|
(babel)             in language  on input line 26.
Package babel Info: Redefining ngerman shorthand "~
(babel)             in language  on input line 26.
Package babel Info: Redefining ngerman shorthand "|
(babel)             in language  on input line 31.
Package babel Info: Redefining ngerman shorthand "~
(babel)             in language  on input line 31.
Package babel Info: Redefining ngerman shorthand "|
(babel)             in language  on input line 36.
Package babel Info: Redefining ngerman shorthand "~
(babel)             in language  on input line 36.
Package babel Info: Redefining ngerman shorthand "|
(babel)             in language  on input line 36.
Package babel Info: Redefining ngerman shorthand "~
(babel)             in language  on input line 36.
[39

]
Package babel Info: Redefining ngerman shorthand "|
(babel)             in language  on input line 36.
Package babel Info: Redefining ngerman shorthand "~
(babel)             in language  on input line 36.
Package babel Info: Redefining ngerman shorthand "|
(babel)             in language  on input line 41.
Package babel Info: Redefining ngerman shorthand "~
(babel)             in language  on input line 41.
) (./Zusammenfassung.tex
Package babel Info: Redefining ngerman shorthand "|
(babel)             in language  on input line 1.
Package babel Info: Redefining ngerman shorthand "~
(babel)             in language  on input line 1.
Package babel Info: Redefining ngerman shorthand "|
(babel)             in language  on input line 1.
Package babel Info: Redefining ngerman shorthand "~
(babel)             in language  on input line 1.
 [40]
Kapitel 7.
Package babel Info: Redefining ngerman shorthand "|
(babel)             in language  on input line 1.
Package babel Info: Redefining ngerman shorthand "~
(babel)             in language  on input line 1.
Package babel Info: Redefining ngerman shorthand "|
(babel)             in language  on input line 5.
Package babel Info: Redefining ngerman shorthand "~
(babel)             in language  on input line 5.
Package babel Info: Redefining ngerman shorthand "|
(babel)             in language  on input line 10.
Package babel Info: Redefining ngerman shorthand "~
(babel)             in language  on input line 10.
) (./Anhang.tex
Package babel Info: Redefining ngerman shorthand "|
(babel)             in language  on input line 1.
Package babel Info: Redefining ngerman shorthand "~
(babel)             in language  on input line 1.
Package babel Info: Redefining ngerman shorthand "|
(babel)             in language  on input line 1.
Package babel Info: Redefining ngerman shorthand "~
(babel)             in language  on input line 1.
 [41

]
Anhang A.
Package babel Info: Redefining ngerman shorthand "|
(babel)             in language  on input line 1.
Package babel Info: Redefining ngerman shorthand "~
(babel)             in language  on input line 1.
Package babel Info: Redefining ngerman shorthand "|
(babel)             in language  on input line 4.
Package babel Info: Redefining ngerman shorthand "~
(babel)             in language  on input line 4.
<bilder/Zeichnung_Vakuumchuck.pdf, id=854, 1194.86403pt x 844.5954pt>
File: bilder/Zeichnung_Vakuumchuck.pdf Graphic file (type pdf)
<use bilder/Zeichnung_Vakuumchuck.pdf>
Package pdftex.def Info: bilder/Zeichnung_Vakuumchuck.pdf  used on input line 9
.
(pdftex.def)             Requested size: 455.24408pt x 321.78728pt.
Package babel Info: Redefining ngerman shorthand "|
(babel)             in language  on input line 12.
Package babel Info: Redefining ngerman shorthand "~
(babel)             in language  on input line 12.
Package babel Info: Redefining ngerman shorthand "|
(babel)             in language  on input line 12.
Package babel Info: Redefining ngerman shorthand "~
(babel)             in language  on input line 12.
[42

 <./bilder/Zeichnung_Vakuumchuck.pdf>]
<bilder/AnhangKamera.png, id=866, 494.8086pt x 444.2196pt>
File: bilder/AnhangKamera.png Graphic file (type png)
<use bilder/AnhangKamera.png>
Package pdftex.def Info: bilder/AnhangKamera.png  used on input line 17.
(pdftex.def)             Requested size: 455.24408pt x 408.72089pt.
Package babel Info: Redefining ngerman shorthand "|
(babel)             in language  on input line 20.
Package babel Info: Redefining ngerman shorthand "~
(babel)             in language  on input line 20.
Package babel Info: Redefining ngerman shorthand "|
(babel)             in language  on input line 20.
Package babel Info: Redefining ngerman shorthand "~
(babel)             in language  on input line 20.
 [43

 <./bilder/AnhangKamera.png>]
<bilder/KIT-EL325_DE.pdf, id=874, 597.50829pt x 845.0471pt>
File: bilder/KIT-EL325_DE.pdf Graphic file (type pdf)
<use bilder/KIT-EL325_DE.pdf>
Package pdftex.def Info: bilder/KIT-EL325_DE.pdf  used on input line 22.
(pdftex.def)             Requested size: 597.50682pt x 845.04504pt.
File: bilder/KIT-EL325_DE.pdf Graphic file (type pdf)
<use bilder/KIT-EL325_DE.pdf>
Package pdftex.def Info: bilder/KIT-EL325_DE.pdf  used on input line 22.
(pdftex.def)             Requested size: 597.50682pt x 845.04504pt.
File: bilder/KIT-EL325_DE.pdf Graphic file (type pdf)
<use bilder/KIT-EL325_DE.pdf>
Package pdftex.def Info: bilder/KIT-EL325_DE.pdf  used on input line 22.
(pdftex.def)             Requested size: 597.50682pt x 845.04504pt.
<bilder/KIT-EL325_DE.pdf, id=878, page=1, 597.50829pt x 845.0471pt>
File: bilder/KIT-EL325_DE.pdf Graphic file (type pdf)
<use bilder/KIT-EL325_DE.pdf, page 1>
Package pdftex.def Info: bilder/KIT-EL325_DE.pdf , page1 used on input line 22.

(pdftex.def)             Requested size: 597.50682pt x 845.04504pt.
File: bilder/KIT-EL325_DE.pdf Graphic file (type pdf)
<use bilder/KIT-EL325_DE.pdf, page 1>
Package pdftex.def Info: bilder/KIT-EL325_DE.pdf , page1 used on input line 22.

(pdftex.def)             Requested size: 597.53416pt x 845.08372pt.
File: bilder/KIT-EL325_DE.pdf Graphic file (type pdf)
<use bilder/KIT-EL325_DE.pdf, page 1>
Package pdftex.def Info: bilder/KIT-EL325_DE.pdf , page1 used on input line 22.

(pdftex.def)             Requested size: 597.53416pt x 845.08372pt.
File: bilder/KIT-EL325_DE.pdf Graphic file (type pdf)
<use bilder/KIT-EL325_DE.pdf, page 1>
Package pdftex.def Info: bilder/KIT-EL325_DE.pdf , page1 used on input line 22.

(pdftex.def)             Requested size: 597.53416pt x 845.08372pt.
File: bilder/KIT-EL325_DE.pdf Graphic file (type pdf)
<use bilder/KIT-EL325_DE.pdf, page 1>
Package pdftex.def Info: bilder/KIT-EL325_DE.pdf , page1 used on input line 22.

(pdftex.def)             Requested size: 597.53416pt x 845.08372pt.
Package babel Info: Redefining ngerman shorthand "|
(babel)             in language  on input line 22.
Package babel Info: Redefining ngerman shorthand "~
(babel)             in language  on input line 22.
Package babel Info: Redefining ngerman shorthand "|
(babel)             in language  on input line 22.
Package babel Info: Redefining ngerman shorthand "~
(babel)             in language  on input line 22.

[44

 <./bilder/KIT-EL325_DE.pdf>]
<bilder/KIT-EL325_DE.pdf, id=891, page=2, 597.50829pt x 845.0471pt>
File: bilder/KIT-EL325_DE.pdf Graphic file (type pdf)
<use bilder/KIT-EL325_DE.pdf, page 2>
Package pdftex.def Info: bilder/KIT-EL325_DE.pdf , page2 used on input line 22.

(pdftex.def)             Requested size: 597.53416pt x 845.08372pt.
File: bilder/KIT-EL325_DE.pdf Graphic file (type pdf)
<use bilder/KIT-EL325_DE.pdf, page 2>
Package pdftex.def Info: bilder/KIT-EL325_DE.pdf , page2 used on input line 22.

(pdftex.def)             Requested size: 597.53416pt x 845.08372pt.
File: bilder/KIT-EL325_DE.pdf Graphic file (type pdf)
<use bilder/KIT-EL325_DE.pdf, page 2>
Package pdftex.def Info: bilder/KIT-EL325_DE.pdf , page2 used on input line 22.

(pdftex.def)             Requested size: 597.53416pt x 845.08372pt.
Package babel Info: Redefining ngerman shorthand "|
(babel)             in language  on input line 22.
Package babel Info: Redefining ngerman shorthand "~
(babel)             in language  on input line 22.
Package babel Info: Redefining ngerman shorthand "|
(babel)             in language  on input line 22.
Package babel Info: Redefining ngerman shorthand "~
(babel)             in language  on input line 22.
 [45 <./bilder/KIT-EL325_DE.pdf>]
<bilder/KIT-EL336_DE.pdf, id=896, 597.50829pt x 845.0471pt>
File: bilder/KIT-EL336_DE.pdf Graphic file (type pdf)
<use bilder/KIT-EL336_DE.pdf>
Package pdftex.def Info: bilder/KIT-EL336_DE.pdf  used on input line 24.
(pdftex.def)             Requested size: 597.50682pt x 845.04504pt.
File: bilder/KIT-EL336_DE.pdf Graphic file (type pdf)
<use bilder/KIT-EL336_DE.pdf>
Package pdftex.def Info: bilder/KIT-EL336_DE.pdf  used on input line 24.
(pdftex.def)             Requested size: 597.50682pt x 845.04504pt.
File: bilder/KIT-EL336_DE.pdf Graphic file (type pdf)
<use bilder/KIT-EL336_DE.pdf>
Package pdftex.def Info: bilder/KIT-EL336_DE.pdf  used on input line 24.
(pdftex.def)             Requested size: 597.50682pt x 845.04504pt.
<bilder/KIT-EL336_DE.pdf, id=900, page=1, 597.50829pt x 845.0471pt>
File: bilder/KIT-EL336_DE.pdf Graphic file (type pdf)
<use bilder/KIT-EL336_DE.pdf, page 1>
Package pdftex.def Info: bilder/KIT-EL336_DE.pdf , page1 used on input line 24.

(pdftex.def)             Requested size: 597.50682pt x 845.04504pt.
File: bilder/KIT-EL336_DE.pdf Graphic file (type pdf)
<use bilder/KIT-EL336_DE.pdf, page 1>
Package pdftex.def Info: bilder/KIT-EL336_DE.pdf , page1 used on input line 24.

(pdftex.def)             Requested size: 597.53416pt x 845.08372pt.
File: bilder/KIT-EL336_DE.pdf Graphic file (type pdf)
<use bilder/KIT-EL336_DE.pdf, page 1>
Package pdftex.def Info: bilder/KIT-EL336_DE.pdf , page1 used on input line 24.

(pdftex.def)             Requested size: 597.53416pt x 845.08372pt.
File: bilder/KIT-EL336_DE.pdf Graphic file (type pdf)
<use bilder/KIT-EL336_DE.pdf, page 1>
Package pdftex.def Info: bilder/KIT-EL336_DE.pdf , page1 used on input line 24.

(pdftex.def)             Requested size: 597.53416pt x 845.08372pt.
File: bilder/KIT-EL336_DE.pdf Graphic file (type pdf)
<use bilder/KIT-EL336_DE.pdf, page 1>
Package pdftex.def Info: bilder/KIT-EL336_DE.pdf , page1 used on input line 24.

(pdftex.def)             Requested size: 597.53416pt x 845.08372pt.
Package babel Info: Redefining ngerman shorthand "|
(babel)             in language  on input line 24.
Package babel Info: Redefining ngerman shorthand "~
(babel)             in language  on input line 24.
Package babel Info: Redefining ngerman shorthand "|
(babel)             in language  on input line 24.
Package babel Info: Redefining ngerman shorthand "~
(babel)             in language  on input line 24.
 [46 <./bilder/KIT-EL336_DE.pdf>]
<bilder/KIT-EL336_DE.pdf, id=913, page=2, 597.50829pt x 845.0471pt>
File: bilder/KIT-EL336_DE.pdf Graphic file (type pdf)
<use bilder/KIT-EL336_DE.pdf, page 2>
Package pdftex.def Info: bilder/KIT-EL336_DE.pdf , page2 used on input line 24.

(pdftex.def)             Requested size: 597.53416pt x 845.08372pt.
File: bilder/KIT-EL336_DE.pdf Graphic file (type pdf)
<use bilder/KIT-EL336_DE.pdf, page 2>
Package pdftex.def Info: bilder/KIT-EL336_DE.pdf , page2 used on input line 24.

(pdftex.def)             Requested size: 597.53416pt x 845.08372pt.
File: bilder/KIT-EL336_DE.pdf Graphic file (type pdf)
<use bilder/KIT-EL336_DE.pdf, page 2>
Package pdftex.def Info: bilder/KIT-EL336_DE.pdf , page2 used on input line 24.

(pdftex.def)             Requested size: 597.53416pt x 845.08372pt.
Package babel Info: Redefining ngerman shorthand "|
(babel)             in language  on input line 24.
Package babel Info: Redefining ngerman shorthand "~
(babel)             in language  on input line 24.
Package babel Info: Redefining ngerman shorthand "|
(babel)             in language  on input line 24.
Package babel Info: Redefining ngerman shorthand "~
(babel)             in language  on input line 24.
 [47 <./bilder/KIT-EL336_DE.pdf>]
Package babel Info: Redefining ngerman shorthand "|
(babel)             in language  on input line 26.
Package babel Info: Redefining ngerman shorthand "~
(babel)             in language  on input line 26.
Package babel Info: Redefining ngerman shorthand "|
(babel)             in language  on input line 27.
Package babel Info: Redefining ngerman shorthand "~
(babel)             in language  on input line 27.
Package babel Info: Redefining ngerman shorthand "|
(babel)             in language  on input line 27.
Package babel Info: Redefining ngerman shorthand "~
(babel)             in language  on input line 27.
 [48]
Package babel Info: Redefining ngerman shorthand "|
(babel)             in language  on input line 29.
Package babel Info: Redefining ngerman shorthand "~
(babel)             in language  on input line 29.
Package babel Info: Redefining ngerman shorthand "|
(babel)             in language  on input line 30.
Package babel Info: Redefining ngerman shorthand "~
(babel)             in language  on input line 30.
Package babel Info: Redefining ngerman shorthand "|
(babel)             in language  on input line 30.
Package babel Info: Redefining ngerman shorthand "~
(babel)             in language  on input line 30.
 [49

]
Package babel Info: Redefining ngerman shorthand "|
(babel)             in language  on input line 32.
Package babel Info: Redefining ngerman shorthand "~
(babel)             in language  on input line 32.
Package babel Info: Redefining ngerman shorthand "|
(babel)             in language  on input line 78.
Package babel Info: Redefining ngerman shorthand "~
(babel)             in language  on input line 78.
Package babel Info: Redefining ngerman shorthand "|
(babel)             in language  on input line 78.
Package babel Info: Redefining ngerman shorthand "~
(babel)             in language  on input line 78.
 [50

]
Package babel Info: Redefining ngerman shorthand "|
(babel)             in language  on input line 80.
Package babel Info: Redefining ngerman shorthand "~
(babel)             in language  on input line 80.
Package babel Info: Redefining ngerman shorthand "|
(babel)             in language  on input line 81.
Package babel Info: Redefining ngerman shorthand "~
(babel)             in language  on input line 81.
Package babel Info: Redefining ngerman shorthand "|
(babel)             in language  on input line 81.
Package babel Info: Redefining ngerman shorthand "~
(babel)             in language  on input line 81.
 [51

]
Package babel Info: Redefining ngerman shorthand "|
(babel)             in language  on input line 83.
Package babel Info: Redefining ngerman shorthand "~
(babel)             in language  on input line 83.
Package babel Info: Redefining ngerman shorthand "|
(babel)             in language  on input line 84.
Package babel Info: Redefining ngerman shorthand "~
(babel)             in language  on input line 84.
Package babel Info: Redefining ngerman shorthand "|
(babel)             in language  on input line 85.
Package babel Info: Redefining ngerman shorthand "~
(babel)             in language  on input line 85.
Package babel Info: Redefining ngerman shorthand "|
(babel)             in language  on input line 85.
Package babel Info: Redefining ngerman shorthand "~
(babel)             in language  on input line 85.

[52

]
Package babel Info: Redefining ngerman shorthand "|
(babel)             in language  on input line 86.
Package babel Info: Redefining ngerman shorthand "~
(babel)             in language  on input line 86.
Package babel Info: Redefining ngerman shorthand "|
(babel)             in language  on input line 87.
Package babel Info: Redefining ngerman shorthand "~
(babel)             in language  on input line 87.
Package babel Info: Redefining ngerman shorthand "|
(babel)             in language  on input line 87.
Package babel Info: Redefining ngerman shorthand "~
(babel)             in language  on input line 87.
 [53

]
Package babel Info: Redefining ngerman shorthand "|
(babel)             in language  on input line 88.
Package babel Info: Redefining ngerman shorthand "~
(babel)             in language  on input line 88.
Package babel Info: Redefining ngerman shorthand "|
(babel)             in language  on input line 89.
Package babel Info: Redefining ngerman shorthand "~
(babel)             in language  on input line 89.
Package babel Info: Redefining ngerman shorthand "|
(babel)             in language  on input line 89.
Package babel Info: Redefining ngerman shorthand "~
(babel)             in language  on input line 89.
 [54

]
Package babel Info: Redefining ngerman shorthand "|
(babel)             in language  on input line 90.
Package babel Info: Redefining ngerman shorthand "~
(babel)             in language  on input line 90.
)
Package babel Info: Redefining ngerman shorthand "|
(babel)             in language  on input line 114.
Package babel Info: Redefining ngerman shorthand "~
(babel)             in language  on input line 114.
 (./main.bbl
Package babel Info: Redefining ngerman shorthand "|
(babel)             in language  on input line 1.
Package babel Info: Redefining ngerman shorthand "~
(babel)             in language  on input line 1.
Package babel Info: Redefining ngerman shorthand "|
(babel)             in language  on input line 1.
Package babel Info: Redefining ngerman shorthand "~
(babel)             in language  on input line 1.
 [55

]
Underfull \hbox (badness 1577) in paragraph at lines 9--13
[]\OT1/ptm/m/n/12 Vesa Kan-to-la. Jak-ke Ku-love-si.Lauri Lah-ti. Ran-ran Lin. 
Ma-ri-na Za-vod-chi-ko-va. tu-tor
 []

)
Package atveryend Info: Empty hook `BeforeClearDocument' on input line 118.
Package babel Info: Redefining ngerman shorthand "|
(babel)             in language  on input line 118.
Package babel Info: Redefining ngerman shorthand "~
(babel)             in language  on input line 118.
Package babel Info: Redefining ngerman shorthand "|
(babel)             in language  on input line 118.
Package babel Info: Redefining ngerman shorthand "~
(babel)             in language  on input line 118.
 [56

]
Package atveryend Info: Empty hook `AfterLastShipout' on input line 118.
 (./main.aux)
Package atveryend Info: Executing hook `AtVeryEndDocument' on input line 118.
Package atveryend Info: Executing hook `AtEndAfterFileList' on input line 118.
Package rerunfilecheck Info: File `main.out' has not changed.
(rerunfilecheck)             Checksum: 4550B94588358A33B354862695F96B4A;4643.
Package atveryend Info: Empty hook `AtVeryVeryEnd' on input line 118.
 ) 
Here is how much of TeX's memory you used:
 12599 strings out of 492649
 184728 string characters out of 6129621
 410756 words of memory out of 5000000
 15880 multiletter control sequences out of 15000+600000
 33364 words of font info for 76 fonts, out of 8000000 for 9000
 1141 hyphenation exceptions out of 8191
 43i,18n,58p,1249b,1908s stack positions out of 5000i,500n,10000p,200000b,80000s
{/usr/local/texlive/2018/texmf-dist/fonts/enc/dvips/base/8r.enc}</usr/local/t
exlive/2018/texmf-dist/fonts/type1/public/amsfonts/cm/cmex10.pfb></usr/local/te
xlive/2018/texmf-dist/fonts/type1/public/amsfonts/cm/cmmi10.pfb></usr/local/tex
live/2018/texmf-dist/fonts/type1/public/amsfonts/cm/cmmi12.pfb></usr/local/texl
ive/2018/texmf-dist/fonts/type1/public/amsfonts/cm/cmmi6.pfb></usr/local/texliv
e/2018/texmf-dist/fonts/type1/public/amsfonts/cm/cmmi8.pfb></usr/local/texlive/
2018/texmf-dist/fonts/type1/public/amsfonts/cm/cmr12.pfb></usr/local/texlive/20
18/texmf-dist/fonts/type1/public/amsfonts/cm/cmr8.pfb></usr/local/texlive/2018/
texmf-dist/fonts/type1/public/amsfonts/cm/cmsy10.pfb></usr/local/texlive/2018/t
exmf-dist/fonts/type1/public/amsfonts/cm/cmsy6.pfb></usr/local/texlive/2018/tex
mf-dist/fonts/type1/public/amsfonts/cm/cmsy8.pfb></usr/local/texlive/2018/texmf
-dist/fonts/type1/urw/helvetic/uhvb8a.pfb></usr/local/texlive/2018/texmf-dist/f
onts/type1/urw/helvetic/uhvr8a.pfb></usr/local/texlive/2018/texmf-dist/fonts/ty
pe1/urw/times/utmb8a.pfb></usr/local/texlive/2018/texmf-dist/fonts/type1/urw/ti
mes/utmr8a.pfb></usr/local/texlive/2018/texmf-dist/fonts/type1/urw/times/utmr8a
.pfb></usr/local/texlive/2018/texmf-dist/fonts/type1/urw/times/utmri8a.pfb>
Output written on main.pdf (68 pages, 33542010 bytes).
PDF statistics:
 1106 PDF objects out of 1200 (max. 8388607)
 919 compressed objects within 10 object streams
 287 named destinations out of 1000 (max. 500000)
 759 words of extra memory for PDF output out of 10000 (max. 10000000)

