\BOOKMARK [0][-]{section*.3}{Abbildungsverzeichnis}{}% 1
\BOOKMARK [0][-]{section*.5}{Tabellenverzeichnis}{}% 2
\BOOKMARK [0][-]{chapter.1}{Einf\374hrung}{}% 3
\BOOKMARK [1][-]{section.1.1}{Gedruckte Elektronik}{chapter.1}% 4
\BOOKMARK [1][-]{section.1.2}{Zielsetzung}{chapter.1}% 5
\BOOKMARK [1][-]{section.1.3}{Aufbau der Arbeit}{chapter.1}% 6
\BOOKMARK [0][-]{chapter.2}{Grundlagen und Stand der Technik}{}% 7
\BOOKMARK [1][-]{section.2.1}{Wichtige Begriffe zur Klebtechnik}{chapter.2}% 8
\BOOKMARK [2][-]{subsection.2.1.1}{Adh\344sion und Koh\344sion}{section.2.1}% 9
\BOOKMARK [2][-]{subsection.2.1.2}{Viskosit\344t}{section.2.1}% 10
\BOOKMARK [2][-]{subsection.2.1.3}{Topfzeit}{section.2.1}% 11
\BOOKMARK [2][-]{subsection.2.1.4}{Abbindezeit}{section.2.1}% 12
\BOOKMARK [1][-]{section.2.2}{Vor- und Nachteile der Klebtechnik}{chapter.2}% 13
\BOOKMARK [1][-]{section.2.3}{Elektrisch leitende Klebstoffe}{chapter.2}% 14
\BOOKMARK [2][-]{subsection.2.3.1}{Isotrop und anisotrop leitender Klebstoff}{section.2.3}% 15
\BOOKMARK [2][-]{subsection.2.3.2}{Zweikomponenten-Klebstoff}{section.2.3}% 16
\BOOKMARK [1][-]{section.2.4}{Auftragsverfahren}{chapter.2}% 17
\BOOKMARK [2][-]{subsection.2.4.1}{Auftragverhalten}{section.2.4}% 18
\BOOKMARK [2][-]{subsection.2.4.2}{Klebstoffauftragskontrolle}{section.2.4}% 19
\BOOKMARK [1][-]{section.2.5}{FlipChip-Kontaktierung}{chapter.2}% 20
\BOOKMARK [0][-]{chapter.3}{Materialien und Methoden}{}% 21
\BOOKMARK [1][-]{section.3.1}{Materialien}{chapter.3}% 22
\BOOKMARK [1][-]{section.3.2}{Systeme}{chapter.3}% 23
\BOOKMARK [2][-]{subsection.3.2.1}{Mikromontagesystem MIMOSE}{section.3.2}% 24
\BOOKMARK [2][-]{subsection.3.2.2}{Dosier- und Greifsystem}{section.3.2}% 25
\BOOKMARK [2][-]{subsection.3.2.3}{Inspektionssystem}{section.3.2}% 26
\BOOKMARK [1][-]{section.3.3}{Software}{chapter.3}% 27
\BOOKMARK [0][-]{chapter.4}{Entwicklung des automatisierten Montageprozesses}{}% 28
\BOOKMARK [1][-]{section.4.1}{Anforderungen und Randbedingungen}{chapter.4}% 29
\BOOKMARK [1][-]{section.4.2}{Konzeption des Montageprozesses}{chapter.4}% 30
\BOOKMARK [2][-]{subsection.4.2.1}{Glastr\344ger}{section.4.2}% 31
\BOOKMARK [2][-]{subsection.4.2.2}{Klebstoffauswahl}{section.4.2}% 32
\BOOKMARK [1][-]{section.4.3}{Dosierprozessablauf}{chapter.4}% 33
\BOOKMARK [1][-]{section.4.4}{Prozessmodule}{chapter.4}% 34
\BOOKMARK [2][-]{subsection.4.4.1}{Lagebeziehung der Prozessmodule}{section.4.4}% 35
\BOOKMARK [2][-]{subsection.4.4.2}{Koordinatentransformationen zwischen den Prozessmodulen}{section.4.4}% 36
\BOOKMARK [0][-]{chapter.5}{Bildverarbeitung}{}% 37
\BOOKMARK [1][-]{section.5.1}{Bildverbesserung}{chapter.5}% 38
\BOOKMARK [1][-]{section.5.2}{Bereich von Interesse}{chapter.5}% 39
\BOOKMARK [1][-]{section.5.3}{Segmentierung und Merkmalextraktion}{chapter.5}% 40
\BOOKMARK [2][-]{subsection.5.3.1}{Morphologische Transformation}{section.5.3}% 41
\BOOKMARK [2][-]{subsection.5.3.2}{Schwellwertbildung}{section.5.3}% 42
\BOOKMARK [2][-]{subsection.5.3.3}{Kantendetektoren}{section.5.3}% 43
\BOOKMARK [0][-]{chapter.6}{Durchf\374hrung und Evaluierung der Versuche}{}% 44
\BOOKMARK [1][-]{section.6.1}{Versuche zum Dosieren}{chapter.6}% 45
\BOOKMARK [2][-]{subsection.6.1.1}{Vorversuche zur Reproduzierbarkeit des Dosierpunktes}{section.6.1}% 46
\BOOKMARK [2][-]{subsection.6.1.2}{Ergebnisse}{section.6.1}% 47
\BOOKMARK [1][-]{section.6.2}{Versuche zum Montageprozess}{chapter.6}% 48
\BOOKMARK [2][-]{subsection.6.2.1}{Manueller Montageprozess}{section.6.2}% 49
\BOOKMARK [2][-]{subsection.6.2.2}{Automatisierter Montageprozess}{section.6.2}% 50
\BOOKMARK [1][-]{section.6.3}{Evaluierung der Klebverbindungen}{chapter.6}% 51
\BOOKMARK [0][-]{chapter.7}{Zusammenfassung und Ausblick}{}% 52
\BOOKMARK [1][-]{section.7.1}{Zusammenfassung}{chapter.7}% 53
\BOOKMARK [1][-]{section.7.2}{Ausblick}{chapter.7}% 54
\BOOKMARK [0][-]{appendix.A}{Anhang}{}% 55
\BOOKMARK [1][-]{section.A.1}{Datenbl\344tter}{appendix.A}% 56
\BOOKMARK [1][-]{section.A.2}{Vermessung der verwendeten ITO-Glas und Platine}{appendix.A}% 57
\BOOKMARK [1][-]{section.A.3}{2D-Zeichnung des Glastr\344gers}{appendix.A}% 58
\BOOKMARK [1][-]{section.A.4}{Quellcode}{appendix.A}% 59
\BOOKMARK [1][-]{section.A.5}{Daten der Dosierversuche}{appendix.A}% 60
\BOOKMARK [1][-]{section.A.6}{Anleitungen}{appendix.A}% 61
\BOOKMARK [2][-]{subsection.A.6.1}{Verarbeitung Panacol 325}{section.A.6}% 62
\BOOKMARK [2][-]{subsection.A.6.2}{LPKF MotionTools}{section.A.6}% 63
\BOOKMARK [2][-]{subsection.A.6.3}{Pylon Viewer}{section.A.6}% 64
\BOOKMARK [2][-]{subsection.A.6.4}{DIPLOM}{section.A.6}% 65
\BOOKMARK [0][-]{subsection.A.6.4}{Literaturverzeichnis}{}% 66
